TN:
SF:ankiProvider.js
FN:1,addToAnki
FNF:1
FNH:0
FNDA:0,addToAnki
DA:3,0
DA:6,0
DA:8,0
DA:14,0
DA:21,0
DA:22,0
DA:23,0
DA:25,0
DA:26,0
DA:27,0
DA:30,0
DA:31,0
DA:35,0
DA:51,0
DA:52,0
DA:53,0
LF:16
LH:0
BRDA:1,0,0,0
BRDA:1,1,0,0
BRDA:1,2,0,0
BRDA:6,3,0,0
BRDA:6,3,1,0
BRDA:9,4,0,0
BRDA:9,4,1,0
BRDA:9,4,2,0
BRDA:10,5,0,0
BRDA:10,5,1,0
BRDA:15,6,0,0
BRDA:15,6,1,0
BRDA:16,7,0,0
BRDA:16,7,1,0
BRDA:21,8,0,0
BRDA:21,8,1,0
BRDA:22,9,0,0
BRDA:22,9,1,0
BRDA:23,10,0,0
BRDA:23,10,1,0
BRDA:25,11,0,0
BRDA:25,11,1,0
BRDA:26,12,0,0
BRDA:26,12,1,0
BRDA:30,13,0,0
BRDA:30,13,1,0
BRDA:30,14,0,0
BRDA:30,14,1,0
BRDA:52,15,0,0
BRDA:52,15,1,0
BRF:30
BRH:0
end_of_record
TN:
SF:background.js
FN:66,getSyncScheduled
FN:70,setSyncScheduled
FN:78,getCachedPendingClips
FN:82,setCachedPendingClips
FN:91,notify
FN:99,(anonymous_5)
FN:125,getSelectionHtml
FN:131,(anonymous_7)
FN:133,(anonymous_8)
FN:141,(anonymous_9)
FN:171,getPromptTemplate
FN:194,(anonymous_11)
FN:224,injectContentScriptAndWait
FN:225,(anonymous_13)
FN:226,(anonymous_14)
FN:255,(anonymous_15)
FN:259,(anonymous_16)
FN:272,(anonymous_17)
FN:273,(anonymous_18)
FN:274,(anonymous_19)
FN:286,updateBadge
FN:297,queueClip
FN:307,scheduleSync
FN:313,flushQueue
FN:347,checkPendingClips
FN:355,initBadge
FN:360,initContextMenu
FN:371,handleAction
FN:528,fetchAnki
FN:538,isAnkiConnectAvailable
FN:544,fetchDeckNames
FN:551,isValidOpenAiKey
FN:559,stripHtml
FN:567,isPdfUrl
FN:579,generateBackWithSource
FN:592,saveToAnkiOrQueue
FN:634,getSettings
FN:654,sendFrontInputRequest
FN:674,(anonymous_38)
FN:682,(anonymous_39)
FN:683,(anonymous_40)
FN:691,(anonymous_41)
FN:704,storePromptHistory
FN:727,getPendingPdfCards
FN:737,removePdfCard
FN:741,(anonymous_45)
FN:751,(anonymous_46)
FN:752,(anonymous_47)
FN:760,(anonymous_48)
FN:765,(anonymous_49)
FN:769,(anonymous_50)
FN:795,handlePdfSelection
FN:967,(anonymous_52)
FN:972,(anonymous_53)
FN:1017,(anonymous_54)
FN:1051,(anonymous_55)
FN:1065,(anonymous_56)
FNF:57
FNH:36
FNDA:7,getSyncScheduled
FNDA:6,setSyncScheduled
FNDA:15,getCachedPendingClips
FNDA:9,setCachedPendingClips
FNDA:7,notify
FNDA:6,(anonymous_5)
FNDA:4,getSelectionHtml
FNDA:3,(anonymous_7)
FNDA:3,(anonymous_8)
FNDA:0,(anonymous_9)
FNDA:6,getPromptTemplate
FNDA:0,(anonymous_11)
FNDA:8,injectContentScriptAndWait
FNDA:8,(anonymous_13)
FNDA:8,(anonymous_14)
FNDA:3,(anonymous_15)
FNDA:3,(anonymous_16)
FNDA:6,(anonymous_17)
FNDA:6,(anonymous_18)
FNDA:6,(anonymous_19)
FNDA:12,updateBadge
FNDA:4,queueClip
FNDA:7,scheduleSync
FNDA:3,flushQueue
FNDA:3,checkPendingClips
FNDA:0,initBadge
FNDA:0,initContextMenu
FNDA:0,handleAction
FNDA:0,fetchAnki
FNDA:0,isAnkiConnectAvailable
FNDA:0,fetchDeckNames
FNDA:2,isValidOpenAiKey
FNDA:0,stripHtml
FNDA:17,isPdfUrl
FNDA:9,generateBackWithSource
FNDA:7,saveToAnkiOrQueue
FNDA:6,getSettings
FNDA:3,sendFrontInputRequest
FNDA:3,(anonymous_38)
FNDA:0,(anonymous_39)
FNDA:0,(anonymous_40)
FNDA:1,(anonymous_41)
FNDA:6,storePromptHistory
FNDA:4,getPendingPdfCards
FNDA:3,removePdfCard
FNDA:4,(anonymous_45)
FNDA:0,(anonymous_46)
FNDA:0,(anonymous_47)
FNDA:0,(anonymous_48)
FNDA:0,(anonymous_49)
FNDA:0,(anonymous_50)
FNDA:6,handlePdfSelection
FNDA:0,(anonymous_52)
FNDA:0,(anonymous_53)
FNDA:0,(anonymous_54)
FNDA:0,(anonymous_55)
FNDA:0,(anonymous_56)
DA:6,2
DA:7,2
DA:8,2
DA:9,2
DA:10,2
DA:11,2
DA:12,2
DA:15,2
DA:17,2
DA:55,2
DA:57,2
DA:58,2
DA:61,0
DA:62,0
DA:67,7
DA:71,6
DA:72,6
DA:74,0
DA:79,15
DA:83,9
DA:84,9
DA:86,0
DA:92,7
DA:93,1
DA:94,1
DA:97,6
DA:99,6
DA:100,6
DA:101,2
DA:103,2
DA:104,1
DA:105,1
DA:108,1
DA:109,1
DA:110,1
DA:111,1
DA:113,0
DA:115,1
DA:117,1
DA:120,0
DA:126,4
DA:127,1
DA:128,1
DA:131,3
DA:133,3
DA:134,3
DA:135,2
DA:136,2
DA:137,2
DA:138,1
DA:139,1
DA:141,0
DA:142,0
DA:143,0
DA:144,0
DA:146,0
DA:148,0
DA:149,0
DA:150,0
DA:152,0
DA:157,1
DA:158,1
DA:161,1
DA:164,1
DA:172,6
DA:175,6
DA:176,0
DA:183,6
DA:185,0
DA:193,6
DA:194,6
DA:196,6
DA:197,0
DA:205,6
DA:206,0
DA:207,0
DA:215,6
DA:216,6
DA:225,8
DA:226,8
DA:227,8
DA:228,4
DA:229,4
DA:231,4
DA:232,4
DA:237,8
DA:238,4
DA:239,4
DA:242,4
DA:250,4
DA:251,1
DA:255,3
DA:256,3
DA:260,3
DA:261,0
DA:262,3
DA:263,0
DA:265,3
DA:271,3
DA:272,6
DA:273,6
DA:274,6
DA:275,6
DA:278,6
DA:279,2
DA:282,1
DA:287,12
DA:288,12
DA:289,12
DA:291,12
DA:292,12
DA:293,12
DA:298,4
DA:299,4
DA:300,4
DA:301,4
DA:302,4
DA:303,4
DA:304,4
DA:308,7
DA:309,6
DA:310,6
DA:314,3
DA:315,3
DA:317,2
DA:318,2
DA:319,5
DA:321,5
DA:322,5
DA:324,1
DA:325,1
DA:326,1
DA:327,1
DA:330,1
DA:332,1
DA:333,1
DA:337,5
DA:339,1
DA:340,1
DA:342,2
DA:343,2
DA:344,2
DA:348,3
DA:349,3
DA:350,3
DA:351,3
DA:356,0
DA:357,0
DA:362,0
DA:363,0
DA:372,0
DA:374,0
DA:377,0
DA:378,0
DA:379,0
DA:380,0
DA:383,0
DA:384,0
DA:385,0
DA:386,0
DA:389,0
DA:390,0
DA:391,0
DA:392,0
DA:393,0
DA:399,0
DA:400,0
DA:402,0
DA:403,0
DA:406,0
DA:407,0
DA:408,0
DA:412,0
DA:416,0
DA:418,0
DA:419,0
DA:420,0
DA:421,0
DA:429,0
DA:430,0
DA:432,0
DA:433,0
DA:436,0
DA:439,0
DA:440,0
DA:443,0
DA:444,0
DA:459,0
DA:463,0
DA:464,0
DA:466,0
DA:467,0
DA:468,0
DA:477,0
DA:478,0
DA:493,0
DA:494,0
DA:495,0
DA:500,0
DA:502,0
DA:503,0
DA:520,0
DA:524,0
DA:529,0
DA:534,0
DA:535,0
DA:539,0
DA:540,0
DA:542,2
DA:545,0
DA:546,0
DA:554,2
DA:555,2
DA:561,0
DA:562,0
DA:563,0
DA:568,17
DA:569,14
DA:581,9
DA:582,2
DA:593,7
DA:594,7
DA:595,7
DA:597,2
DA:598,1
DA:599,1
DA:600,1
DA:603,2
DA:605,1
DA:606,1
DA:610,7
DA:611,5
DA:612,1
DA:614,4
DA:617,2
DA:618,1
DA:619,1
DA:620,1
DA:622,0
DA:625,1
DA:626,1
DA:628,0
DA:635,6
DA:657,3
DA:672,3
DA:674,3
DA:675,3
DA:676,2
DA:677,2
DA:678,1
DA:679,1
DA:680,1
DA:681,1
DA:683,0
DA:684,0
DA:685,0
DA:687,0
DA:692,1
DA:695,0
DA:698,1
DA:705,6
DA:706,6
DA:707,6
DA:710,5
DA:713,5
DA:716,5
DA:717,0
DA:720,5
DA:722,1
DA:728,4
DA:729,4
DA:730,3
DA:732,1
DA:733,1
DA:738,3
DA:739,3
DA:740,2
DA:741,4
DA:742,2
DA:743,2
DA:745,1
DA:746,1
DA:751,2
DA:752,0
DA:753,0
DA:754,0
DA:755,0
DA:757,0
DA:760,2
DA:761,0
DA:762,0
DA:765,2
DA:766,0
DA:769,2
DA:771,0
DA:772,0
DA:774,0
DA:775,0
DA:779,0
DA:780,0
DA:782,0
DA:783,0
DA:785,0
DA:788,0
DA:790,0
DA:796,6
DA:798,6
DA:799,6
DA:802,6
DA:803,1
DA:804,1
DA:805,5
DA:807,5
DA:810,6
DA:811,6
DA:813,6
DA:814,6
DA:817,6
DA:818,6
DA:819,0
DA:820,0
DA:821,0
DA:825,6
DA:826,6
DA:829,6
DA:830,1
DA:831,1
DA:832,1
DA:840,1
DA:841,1
DA:843,0
DA:844,0
DA:854,6
DA:855,6
DA:857,6
DA:858,2
DA:859,2
DA:868,1
DA:869,1
DA:883,1
DA:884,1
DA:885,1
DA:887,4
DA:889,1
DA:905,6
DA:908,6
DA:910,4
DA:924,4
DA:925,4
DA:926,4
DA:927,4
DA:928,4
DA:930,3
DA:937,1
DA:944,4
DA:948,2
DA:949,2
DA:950,2
DA:957,0
DA:967,2
DA:968,0
DA:971,0
DA:972,0
DA:973,0
DA:974,0
DA:977,0
DA:978,0
DA:979,0
DA:981,0
DA:990,0
DA:992,0
DA:999,0
DA:1001,0
DA:1002,0
DA:1008,0
DA:1011,0
DA:1015,0
DA:1016,0
DA:1017,0
DA:1018,0
DA:1019,0
DA:1020,0
DA:1021,0
DA:1022,0
DA:1024,0
DA:1029,0
DA:1039,0
DA:1040,0
DA:1042,0
DA:1043,0
DA:1046,0
DA:1050,0
DA:1051,0
DA:1052,0
DA:1053,0
DA:1054,0
DA:1056,0
DA:1057,0
DA:1060,0
DA:1064,0
DA:1065,0
DA:1066,0
DA:1067,0
DA:1068,0
DA:1070,0
DA:1071,0
DA:1074,0
DA:1078,0
DA:1080,0
DA:1081,0
DA:1082,0
DA:1086,0
DA:1087,0
DA:1088,0
DA:1092,2
DA:1093,2
LF:416
LH:240
BRDA:55,0,0,2
BRDA:55,0,1,0
BRDA:57,1,0,2
BRDA:57,1,1,2
BRDA:58,2,0,2
BRDA:58,2,1,2
BRDA:67,3,0,7
BRDA:67,3,1,0
BRDA:71,4,0,6
BRDA:71,4,1,0
BRDA:79,5,0,15
BRDA:79,5,1,0
BRDA:83,6,0,9
BRDA:83,6,1,0
BRDA:92,7,0,1
BRDA:92,7,1,6
BRDA:92,8,0,7
BRDA:92,8,1,7
BRDA:100,9,0,2
BRDA:100,9,1,4
BRDA:103,10,0,1
BRDA:103,10,1,1
BRDA:108,11,0,1
BRDA:108,11,1,0
BRDA:126,12,0,1
BRDA:126,12,1,3
BRDA:126,13,0,4
BRDA:126,13,1,4
BRDA:134,14,0,2
BRDA:134,14,1,1
BRDA:137,15,0,1
BRDA:137,15,1,1
BRDA:142,16,0,0
BRDA:142,16,1,0
BRDA:148,17,0,0
BRDA:148,17,1,0
BRDA:148,18,0,0
BRDA:148,18,1,0
BRDA:152,19,0,0
BRDA:152,19,1,0
BRDA:164,20,0,1
BRDA:164,20,1,0
BRDA:175,21,0,0
BRDA:175,21,1,6
BRDA:183,22,0,0
BRDA:183,22,1,6
BRDA:193,23,0,0
BRDA:193,23,1,6
BRDA:196,24,0,0
BRDA:196,24,1,6
BRDA:196,25,0,6
BRDA:196,25,1,0
BRDA:205,26,0,0
BRDA:205,26,1,6
BRDA:205,27,0,6
BRDA:205,27,1,0
BRDA:224,28,0,6
BRDA:227,29,0,4
BRDA:227,29,1,4
BRDA:237,30,0,4
BRDA:237,30,1,4
BRDA:237,31,0,8
BRDA:237,31,1,4
BRDA:237,31,2,4
BRDA:242,32,0,4
BRDA:242,32,1,3
BRDA:242,32,2,3
BRDA:242,32,3,3
BRDA:242,32,4,3
BRDA:242,32,5,3
BRDA:242,32,6,3
BRDA:250,33,0,1
BRDA:250,33,1,3
BRDA:260,34,0,0
BRDA:260,34,1,3
BRDA:262,35,0,0
BRDA:262,35,1,3
BRDA:262,36,0,3
BRDA:262,36,1,3
BRDA:275,37,0,6
BRDA:275,37,1,2
BRDA:278,38,0,2
BRDA:278,38,1,4
BRDA:288,39,0,8
BRDA:288,39,1,4
BRDA:289,40,0,8
BRDA:289,40,1,4
BRDA:289,41,0,3
BRDA:289,41,1,5
BRDA:291,42,0,8
BRDA:291,42,1,4
BRDA:293,43,0,8
BRDA:293,43,1,4
BRDA:298,44,0,0
BRDA:299,45,0,3
BRDA:299,45,1,1
BRDA:308,46,0,1
BRDA:308,46,1,6
BRDA:314,47,0,0
BRDA:315,48,0,1
BRDA:315,48,1,2
BRDA:322,49,0,1
BRDA:322,49,1,4
BRDA:324,50,0,1
BRDA:324,50,1,0
BRDA:326,51,0,1
BRDA:326,51,1,0
BRDA:330,52,0,1
BRDA:330,52,1,0
BRDA:332,53,0,1
BRDA:332,53,1,0
BRDA:348,54,0,0
BRDA:349,55,0,2
BRDA:349,55,1,1
BRDA:350,56,0,1
BRDA:350,56,1,2
BRDA:362,57,0,0
BRDA:362,57,1,0
BRDA:378,58,0,0
BRDA:378,58,1,0
BRDA:378,59,0,0
BRDA:378,59,1,0
BRDA:384,60,0,0
BRDA:384,60,1,0
BRDA:385,61,0,0
BRDA:385,61,1,0
BRDA:390,62,0,0
BRDA:390,62,1,0
BRDA:390,63,0,0
BRDA:390,63,1,0
BRDA:390,63,2,0
BRDA:392,64,0,0
BRDA:392,64,1,0
BRDA:406,65,0,0
BRDA:406,65,1,0
BRDA:418,66,0,0
BRDA:418,66,1,0
BRDA:418,67,0,0
BRDA:418,67,1,0
BRDA:420,68,0,0
BRDA:420,68,1,0
BRDA:443,69,0,0
BRDA:443,69,1,0
BRDA:443,70,0,0
BRDA:443,70,1,0
BRDA:466,71,0,0
BRDA:466,71,1,0
BRDA:466,72,0,0
BRDA:466,72,1,0
BRDA:477,73,0,0
BRDA:477,73,1,0
BRDA:477,74,0,0
BRDA:477,74,1,0
BRDA:484,75,0,0
BRDA:484,75,1,0
BRDA:489,76,0,0
BRDA:489,76,1,0
BRDA:500,77,0,0
BRDA:500,77,1,0
BRDA:500,77,2,0
BRDA:500,77,3,0
BRDA:502,78,0,0
BRDA:502,78,1,0
BRDA:506,79,0,0
BRDA:506,79,1,0
BRDA:507,80,0,0
BRDA:507,80,1,0
BRDA:507,81,0,0
BRDA:507,81,1,0
BRDA:509,82,0,0
BRDA:509,82,1,0
BRDA:514,83,0,0
BRDA:514,83,1,0
BRDA:524,84,0,0
BRDA:524,84,1,0
BRDA:528,85,0,0
BRDA:534,86,0,0
BRDA:534,86,1,0
BRDA:545,87,0,0
BRDA:545,87,1,0
BRDA:555,88,0,2
BRDA:555,88,1,2
BRDA:563,89,0,0
BRDA:563,89,1,0
BRDA:563,89,2,0
BRDA:568,90,0,3
BRDA:568,90,1,14
BRDA:570,91,0,14
BRDA:570,91,1,13
BRDA:570,91,2,5
BRDA:570,91,3,4
BRDA:570,91,4,0
BRDA:570,91,5,4
BRDA:579,92,0,2
BRDA:581,93,0,7
BRDA:581,93,1,2
BRDA:592,94,0,2
BRDA:592,95,0,2
BRDA:592,96,0,3
BRDA:595,97,0,2
BRDA:595,97,1,5
BRDA:597,98,0,1
BRDA:597,98,1,1
BRDA:599,99,0,1
BRDA:599,99,1,0
BRDA:603,100,0,1
BRDA:603,100,1,1
BRDA:611,101,0,1
BRDA:611,101,1,4
BRDA:611,102,0,5
BRDA:611,102,1,1
BRDA:617,103,0,1
BRDA:617,103,1,1
BRDA:619,104,0,1
BRDA:619,104,1,0
BRDA:619,105,0,1
BRDA:619,105,1,1
BRDA:625,106,0,1
BRDA:625,106,1,0
BRDA:625,107,0,1
BRDA:625,107,1,1
BRDA:626,108,0,1
BRDA:626,108,1,0
BRDA:656,109,0,2
BRDA:656,110,0,2
BRDA:656,111,0,2
BRDA:656,112,0,2
BRDA:656,113,0,2
BRDA:675,114,0,2
BRDA:675,114,1,1
BRDA:677,115,0,1
BRDA:677,115,1,1
BRDA:679,116,0,1
BRDA:679,116,1,0
BRDA:684,117,0,0
BRDA:684,117,1,0
BRDA:707,118,0,2
BRDA:716,119,0,0
BRDA:716,119,1,5
BRDA:729,120,0,0
BRDA:730,121,0,2
BRDA:730,121,1,1
BRDA:740,122,0,2
BRDA:740,122,1,0
BRDA:766,123,0,0
BRDA:766,123,1,0
BRDA:774,124,0,0
BRDA:774,124,1,0
BRDA:779,125,0,0
BRDA:779,125,1,0
BRDA:782,126,0,0
BRDA:782,126,1,0
BRDA:782,127,0,0
BRDA:782,127,1,0
BRDA:798,128,0,6
BRDA:798,128,1,0
BRDA:799,129,0,6
BRDA:799,129,1,0
BRDA:799,129,2,0
BRDA:799,129,3,0
BRDA:802,130,0,1
BRDA:802,130,1,5
BRDA:802,131,0,6
BRDA:802,131,1,6
BRDA:803,132,0,1
BRDA:803,132,1,0
BRDA:805,133,0,5
BRDA:805,133,1,0
BRDA:805,134,0,5
BRDA:805,134,1,5
BRDA:818,135,0,0
BRDA:818,135,1,6
BRDA:818,136,0,6
BRDA:818,136,1,1
BRDA:818,136,2,1
BRDA:820,137,0,0
BRDA:820,137,1,0
BRDA:829,138,0,1
BRDA:829,138,1,5
BRDA:829,139,0,6
BRDA:829,139,1,1
BRDA:831,140,0,1
BRDA:831,140,1,1
BRDA:857,141,0,2
BRDA:857,141,1,4
BRDA:857,142,0,6
BRDA:857,142,1,5
BRDA:857,142,2,2
BRDA:868,143,0,1
BRDA:868,143,1,0
BRDA:868,144,0,1
BRDA:868,144,1,1
BRDA:875,145,0,0
BRDA:875,145,1,1
BRDA:887,146,0,1
BRDA:887,146,1,3
BRDA:887,147,0,4
BRDA:887,147,1,1
BRDA:887,147,2,1
BRDA:896,148,0,0
BRDA:896,148,1,1
BRDA:905,149,0,6
BRDA:905,149,1,3
BRDA:905,149,2,2
BRDA:905,149,3,2
BRDA:905,149,4,1
BRDA:905,149,5,2
BRDA:905,149,6,1
BRDA:905,149,7,0
BRDA:908,150,0,4
BRDA:908,150,1,2
BRDA:911,151,0,4
BRDA:911,151,1,0
BRDA:914,152,0,4
BRDA:914,152,1,4
BRDA:915,153,0,0
BRDA:915,153,1,4
BRDA:926,154,0,0
BRDA:926,154,1,4
BRDA:949,155,0,1
BRDA:949,155,1,1
BRDA:971,156,0,0
BRDA:971,156,1,0
BRDA:977,157,0,0
BRDA:977,157,1,0
BRDA:978,158,0,0
BRDA:978,158,1,0
BRDA:979,159,0,0
BRDA:979,159,1,0
BRDA:1006,160,0,0
BRDA:1006,160,1,0
BRDA:1008,161,0,0
BRDA:1008,161,1,0
BRDA:1015,162,0,0
BRDA:1015,162,1,0
BRDA:1019,163,0,0
BRDA:1019,163,1,0
BRDA:1020,164,0,0
BRDA:1020,164,1,0
BRDA:1021,165,0,0
BRDA:1021,165,1,0
BRDA:1022,166,0,0
BRDA:1022,166,1,0
BRDA:1050,167,0,0
BRDA:1050,167,1,0
BRDA:1064,168,0,0
BRDA:1064,168,1,0
BRDA:1078,169,0,0
BRDA:1078,169,1,0
BRDA:1092,170,0,2
BRDA:1092,170,1,0
BRDA:1092,171,0,2
BRDA:1092,171,1,2
BRF:353
BRH:189
end_of_record
TN:
SF:chatgptProvider.js
FN:8,generateFrontWithRetry
FN:26,generateFront
FN:96,generateCloze
FN:153,generateClozeWithRetry
FN:171,(anonymous_4)
FNF:5
FNH:0
FNDA:0,generateFrontWithRetry
FNDA:0,generateFront
FNDA:0,generateCloze
FNDA:0,generateClozeWithRetry
FNDA:0,(anonymous_4)
DA:9,0
DA:11,0
DA:12,0
DA:15,0
DA:27,0
DA:28,0
DA:34,0
DA:39,0
DA:41,0
DA:62,0
DA:64,0
DA:65,0
DA:66,0
DA:69,0
DA:70,0
DA:71,0
DA:72,0
DA:73,0
DA:74,0
DA:76,0
DA:78,0
DA:79,0
DA:80,0
DA:104,0
DA:105,0
DA:107,0
DA:109,0
DA:116,0
DA:130,0
DA:132,0
DA:133,0
DA:134,0
DA:137,0
DA:138,0
DA:139,0
DA:140,0
DA:141,0
DA:142,0
DA:144,0
DA:146,0
DA:147,0
DA:148,0
DA:162,0
DA:163,0
DA:164,0
DA:165,0
DA:168,0
DA:169,0
DA:170,0
DA:171,0
LF:50
LH:0
BRDA:11,0,0,0
BRDA:11,0,1,0
BRDA:11,1,0,0
BRDA:11,1,1,0
BRDA:27,2,0,0
BRDA:27,2,1,0
BRDA:27,3,0,0
BRDA:27,3,1,0
BRDA:27,3,2,0
BRDA:48,4,0,0
BRDA:48,4,1,0
BRDA:64,5,0,0
BRDA:64,5,1,0
BRDA:72,6,0,0
BRDA:72,6,1,0
BRDA:72,7,0,0
BRDA:72,7,1,0
BRDA:72,7,2,0
BRDA:72,7,3,0
BRDA:98,8,0,0
BRDA:99,9,0,0
BRDA:100,10,0,0
BRDA:104,11,0,0
BRDA:104,11,1,0
BRDA:104,12,0,0
BRDA:104,12,1,0
BRDA:107,13,0,0
BRDA:107,13,1,0
BRDA:111,14,0,0
BRDA:111,14,1,0
BRDA:132,15,0,0
BRDA:132,15,1,0
BRDA:140,16,0,0
BRDA:140,16,1,0
BRDA:140,17,0,0
BRDA:140,17,1,0
BRDA:140,17,2,0
BRDA:140,17,3,0
BRDA:155,18,0,0
BRDA:156,19,0,0
BRDA:157,20,0,0
BRDA:160,21,0,0
BRDA:169,22,0,0
BRDA:169,22,1,0
BRDA:170,23,0,0
BRDA:170,23,1,0
BRDA:170,24,0,0
BRDA:170,24,1,0
BRF:48
BRH:0
end_of_record
TN:
SF:contentScript.js
FN:6,(anonymous_0)
FN:41,(anonymous_1)
FN:97,(anonymous_2)
FN:189,(anonymous_3)
FN:202,toggleSave
FN:218,(anonymous_5)
FN:222,(anonymous_6)
FN:324,(anonymous_7)
FN:331,(anonymous_8)
FN:335,(anonymous_9)
FN:349,(anonymous_10)
FN:391,(anonymous_11)
FN:394,(anonymous_12)
FNF:13
FNH:0
FNDA:0,(anonymous_0)
FNDA:0,(anonymous_1)
FNDA:0,(anonymous_2)
FNDA:0,(anonymous_3)
FNDA:0,toggleSave
FNDA:0,(anonymous_5)
FNDA:0,(anonymous_6)
FNDA:0,(anonymous_7)
FNDA:0,(anonymous_8)
FNDA:0,(anonymous_9)
FNDA:0,(anonymous_10)
FNDA:0,(anonymous_11)
FNDA:0,(anonymous_12)
DA:1,0
DA:3,0
DA:4,0
DA:6,0
DA:7,0
DA:10,0
DA:11,0
DA:12,0
DA:13,0
DA:14,0
DA:15,0
DA:16,0
DA:18,0
DA:20,0
DA:21,0
DA:25,0
DA:26,0
DA:29,0
DA:30,0
DA:31,0
DA:32,0
DA:41,0
DA:42,0
DA:46,0
DA:47,0
DA:48,0
DA:62,0
DA:63,0
DA:64,0
DA:74,0
DA:75,0
DA:80,0
DA:81,0
DA:82,0
DA:89,0
DA:93,0
DA:98,0
DA:106,0
DA:108,0
DA:110,0
DA:111,0
DA:143,0
DA:165,0
DA:180,0
DA:181,0
DA:184,0
DA:185,0
DA:186,0
DA:188,0
DA:189,0
DA:191,0
DA:197,0
DA:198,0
DA:199,0
DA:200,0
DA:203,0
DA:206,0
DA:207,0
DA:208,0
DA:212,0
DA:213,0
DA:214,0
DA:217,0
DA:218,0
DA:221,0
DA:222,0
DA:223,0
DA:224,0
DA:226,0
DA:227,0
DA:229,0
DA:230,0
DA:232,0
DA:242,0
DA:246,0
DA:250,0
DA:251,0
DA:253,0
DA:254,0
DA:255,0
DA:265,0
DA:266,0
DA:267,0
DA:279,0
DA:312,0
DA:313,0
DA:314,0
DA:324,0
DA:326,0
DA:327,0
DA:328,0
DA:331,0
DA:332,0
DA:335,0
DA:336,0
DA:345,0
DA:349,0
DA:350,0
DA:353,0
DA:357,0
DA:360,0
DA:361,0
DA:362,0
DA:365,0
DA:366,0
DA:367,0
DA:380,0
DA:383,0
DA:384,0
DA:388,0
DA:390,0
DA:391,0
DA:392,0
DA:393,0
DA:394,0
DA:395,0
DA:396,0
DA:397,0
DA:399,0
LF:119
LH:0
BRDA:10,0,0,0
BRDA:10,0,1,0
BRDA:13,1,0,0
BRDA:13,1,1,0
BRDA:25,2,0,0
BRDA:25,2,1,0
BRDA:42,3,0,0
BRDA:42,3,1,0
BRDA:52,4,0,0
BRDA:52,4,1,0
BRDA:63,5,0,0
BRDA:63,5,1,0
BRDA:74,6,0,0
BRDA:74,6,1,0
BRDA:75,7,0,0
BRDA:75,7,1,0
BRDA:76,8,0,0
BRDA:76,8,1,0
BRDA:77,9,0,0
BRDA:77,9,1,0
BRDA:80,10,0,0
BRDA:80,10,1,0
BRDA:81,11,0,0
BRDA:81,11,1,0
BRDA:82,12,0,0
BRDA:82,12,1,0
BRDA:89,13,0,0
BRDA:89,13,1,0
BRDA:89,14,0,0
BRDA:89,14,1,0
BRDA:98,15,0,0
BRDA:98,15,1,0
BRDA:108,16,0,0
BRDA:108,16,1,0
BRDA:110,17,0,0
BRDA:110,17,1,0
BRDA:110,17,2,0
BRDA:136,18,0,0
BRDA:136,18,1,0
BRDA:150,19,0,0
BRDA:150,19,1,0
BRDA:184,20,0,0
BRDA:184,20,1,0
BRDA:188,21,0,0
BRDA:188,21,1,0
BRDA:188,22,0,0
BRDA:188,22,1,0
BRDA:191,23,0,0
BRDA:191,23,1,0
BRDA:203,24,0,0
BRDA:203,24,1,0
BRDA:204,25,0,0
BRDA:204,25,1,0
BRDA:205,26,0,0
BRDA:205,26,1,0
BRDA:206,27,0,0
BRDA:206,27,1,0
BRDA:208,28,0,0
BRDA:208,28,1,0
BRDA:212,29,0,0
BRDA:212,29,1,0
BRDA:213,30,0,0
BRDA:213,30,1,0
BRDA:217,31,0,0
BRDA:217,31,1,0
BRDA:221,32,0,0
BRDA:221,32,1,0
BRDA:223,33,0,0
BRDA:223,33,1,0
BRDA:224,34,0,0
BRDA:224,34,1,0
BRDA:226,35,0,0
BRDA:226,35,1,0
BRDA:226,36,0,0
BRDA:226,36,1,0
BRDA:227,37,0,0
BRDA:227,37,1,0
BRDA:227,38,0,0
BRDA:227,38,1,0
BRDA:230,39,0,0
BRDA:230,39,1,0
BRDA:234,40,0,0
BRDA:234,40,1,0
BRDA:250,41,0,0
BRDA:250,41,1,0
BRDA:285,42,0,0
BRDA:285,42,1,0
BRDA:292,43,0,0
BRDA:292,43,1,0
BRDA:297,44,0,0
BRDA:297,44,1,0
BRDA:298,45,0,0
BRDA:298,45,1,0
BRDA:350,46,0,0
BRDA:350,46,1,0
BRDA:357,47,0,0
BRDA:357,47,1,0
BRDA:360,48,0,0
BRDA:360,48,1,0
BRDA:365,49,0,0
BRDA:365,49,1,0
BRDA:385,50,0,0
BRDA:385,50,1,0
BRDA:386,51,0,0
BRDA:386,51,1,0
BRDA:390,52,0,0
BRDA:390,52,1,0
BRDA:392,53,0,0
BRDA:392,53,1,0
BRDA:395,54,0,0
BRDA:395,54,1,0
BRF:111
BRH:0
end_of_record
TN:
SF:options.js
FN:5,toggleGPTSection
FN:10,(anonymous_1)
FN:17,(anonymous_2)
FN:22,(anonymous_3)
FN:29,fetchAnki
FN:46,fetchDeckNames
FN:55,fetchModelNames
FN:65,testOpenAI
FN:92,(anonymous_8)
FN:92,(anonymous_9)
FN:109,(anonymous_10)
FN:109,(anonymous_11)
FN:110,(anonymous_12)
FN:118,(anonymous_13)
FN:129,getUniquePromptLabel
FN:135,(anonymous_15)
FN:144,toggleSection
FN:165,refreshAnkiStatus
FN:191,(anonymous_18)
FN:198,(anonymous_19)
FN:210,refreshPromptHistory
FN:232,(anonymous_21)
FN:265,renderPdfReviewList
FN:286,(anonymous_23)
FN:287,(anonymous_24)
FN:289,(anonymous_25)
FN:332,(anonymous_26)
FN:337,(anonymous_27)
FN:341,(anonymous_28)
FN:362,(anonymous_29)
FN:365,(anonymous_30)
FN:386,queueClip
FN:393,flashButtonGreen
FN:399,(anonymous_33)
FN:404,showUINotification
FN:417,(anonymous_35)
FN:422,updateUIConnectionStatus
FN:443,(anonymous_37)
FN:520,(anonymous_38)
FN:528,(anonymous_39)
FN:536,(anonymous_40)
FN:544,(anonymous_41)
FN:618,enterAddPromptMode
FN:671,exitAddPromptMode
FN:715,(anonymous_44)
FN:724,(anonymous_45)
FN:738,(anonymous_46)
FN:758,renderSelect
FN:768,(anonymous_48)
FN:776,(anonymous_49)
FN:776,(anonymous_50)
FN:786,(anonymous_51)
FN:786,(anonymous_52)
FN:786,(anonymous_53)
FN:793,(anonymous_54)
FN:794,(anonymous_55)
FN:797,(anonymous_56)
FN:808,(anonymous_57)
FN:815,(anonymous_58)
FN:815,(anonymous_59)
FN:829,updateUIForPromptType
FN:915,(anonymous_61)
FN:965,(anonymous_62)
FN:980,(anonymous_63)
FN:982,(anonymous_64)
FN:983,(anonymous_65)
FN:987,(anonymous_66)
FN:990,(anonymous_67)
FN:995,(anonymous_68)
FN:996,(anonymous_69)
FN:1004,(anonymous_70)
FN:1022,getUniquePromptLabel
FN:1026,(anonymous_72)
FN:1026,(anonymous_73)
FN:1039,toggleSection
FN:1090,refreshAnkiStatus
FN:1111,(anonymous_76)
FN:1118,(anonymous_77)
FN:1130,refreshPromptHistory
FN:1144,(anonymous_79)
FN:1177,renderPdfReviewList
FN:1193,(anonymous_81)
FN:1198,(anonymous_82)
FN:1199,(anonymous_83)
FN:1250,(anonymous_84)
FN:1255,(anonymous_85)
FN:1258,(anonymous_86)
FN:1281,(anonymous_87)
FN:1283,(anonymous_88)
FN:1302,(anonymous_89)
FN:1330,(anonymous_90)
FN:1346,(anonymous_91)
FN:1351,(anonymous_92)
FN:1353,(anonymous_93)
FN:1366,(anonymous_94)
FN:1378,(anonymous_95)
FN:1388,(anonymous_96)
FN:1388,(anonymous_97)
FN:1402,(anonymous_98)
FN:1404,(anonymous_99)
FN:1404,(anonymous_100)
FN:1410,(anonymous_101)
FN:1422,(anonymous_102)
FN:1423,(anonymous_103)
FN:1429,(anonymous_104)
FN:1430,(anonymous_105)
FN:1437,(anonymous_106)
FN:1440,(anonymous_107)
FN:1446,(anonymous_108)
FN:1447,(anonymous_109)
FN:1453,(anonymous_110)
FN:1454,(anonymous_111)
FN:1460,(anonymous_112)
FN:1461,(anonymous_113)
FN:1468,(anonymous_114)
FN:1470,(anonymous_115)
FN:1481,(anonymous_116)
FN:1483,(anonymous_117)
FN:1494,(anonymous_118)
FN:1505,(anonymous_119)
FNF:120
FNH:7
FNDA:0,toggleGPTSection
FNDA:0,(anonymous_1)
FNDA:0,(anonymous_2)
FNDA:0,(anonymous_3)
FNDA:0,fetchAnki
FNDA:0,fetchDeckNames
FNDA:0,fetchModelNames
FNDA:0,testOpenAI
FNDA:3,(anonymous_8)
FNDA:3,(anonymous_9)
FNDA:2,(anonymous_10)
FNDA:2,(anonymous_11)
FNDA:1,(anonymous_12)
FNDA:2,(anonymous_13)
FNDA:0,getUniquePromptLabel
FNDA:0,(anonymous_15)
FNDA:0,toggleSection
FNDA:0,refreshAnkiStatus
FNDA:0,(anonymous_18)
FNDA:0,(anonymous_19)
FNDA:0,refreshPromptHistory
FNDA:0,(anonymous_21)
FNDA:0,renderPdfReviewList
FNDA:0,(anonymous_23)
FNDA:0,(anonymous_24)
FNDA:0,(anonymous_25)
FNDA:0,(anonymous_26)
FNDA:0,(anonymous_27)
FNDA:0,(anonymous_28)
FNDA:0,(anonymous_29)
FNDA:0,(anonymous_30)
FNDA:2,queueClip
FNDA:0,flashButtonGreen
FNDA:0,(anonymous_33)
FNDA:0,showUINotification
FNDA:0,(anonymous_35)
FNDA:0,updateUIConnectionStatus
FNDA:0,(anonymous_37)
FNDA:0,(anonymous_38)
FNDA:0,(anonymous_39)
FNDA:0,(anonymous_40)
FNDA:0,(anonymous_41)
FNDA:0,enterAddPromptMode
FNDA:0,exitAddPromptMode
FNDA:0,(anonymous_44)
FNDA:0,(anonymous_45)
FNDA:0,(anonymous_46)
FNDA:0,renderSelect
FNDA:0,(anonymous_48)
FNDA:0,(anonymous_49)
FNDA:0,(anonymous_50)
FNDA:0,(anonymous_51)
FNDA:0,(anonymous_52)
FNDA:0,(anonymous_53)
FNDA:0,(anonymous_54)
FNDA:0,(anonymous_55)
FNDA:0,(anonymous_56)
FNDA:0,(anonymous_57)
FNDA:0,(anonymous_58)
FNDA:0,(anonymous_59)
FNDA:0,updateUIForPromptType
FNDA:0,(anonymous_61)
FNDA:0,(anonymous_62)
FNDA:0,(anonymous_63)
FNDA:0,(anonymous_64)
FNDA:0,(anonymous_65)
FNDA:0,(anonymous_66)
FNDA:0,(anonymous_67)
FNDA:0,(anonymous_68)
FNDA:0,(anonymous_69)
FNDA:0,(anonymous_70)
FNDA:0,getUniquePromptLabel
FNDA:0,(anonymous_72)
FNDA:0,(anonymous_73)
FNDA:0,toggleSection
FNDA:0,refreshAnkiStatus
FNDA:0,(anonymous_76)
FNDA:0,(anonymous_77)
FNDA:0,refreshPromptHistory
FNDA:0,(anonymous_79)
FNDA:0,renderPdfReviewList
FNDA:0,(anonymous_81)
FNDA:0,(anonymous_82)
FNDA:0,(anonymous_83)
FNDA:0,(anonymous_84)
FNDA:0,(anonymous_85)
FNDA:0,(anonymous_86)
FNDA:0,(anonymous_87)
FNDA:0,(anonymous_88)
FNDA:0,(anonymous_89)
FNDA:0,(anonymous_90)
FNDA:0,(anonymous_91)
FNDA:0,(anonymous_92)
FNDA:0,(anonymous_93)
FNDA:0,(anonymous_94)
FNDA:0,(anonymous_95)
FNDA:0,(anonymous_96)
FNDA:0,(anonymous_97)
FNDA:0,(anonymous_98)
FNDA:0,(anonymous_99)
FNDA:0,(anonymous_100)
FNDA:0,(anonymous_101)
FNDA:0,(anonymous_102)
FNDA:0,(anonymous_103)
FNDA:0,(anonymous_104)
FNDA:0,(anonymous_105)
FNDA:0,(anonymous_106)
FNDA:0,(anonymous_107)
FNDA:0,(anonymous_108)
FNDA:0,(anonymous_109)
FNDA:0,(anonymous_110)
FNDA:0,(anonymous_111)
FNDA:0,(anonymous_112)
FNDA:0,(anonymous_113)
FNDA:0,(anonymous_114)
FNDA:0,(anonymous_115)
FNDA:0,(anonymous_116)
FNDA:0,(anonymous_117)
FNDA:0,(anonymous_118)
FNDA:0,(anonymous_119)
DA:6,0
DA:7,0
DA:8,0
DA:9,0
DA:10,0
DA:12,0
DA:13,0
DA:17,1
DA:18,0
DA:19,0
DA:22,0
DA:23,0
DA:24,0
DA:30,0
DA:31,0
DA:36,0
DA:37,0
DA:38,0
DA:39,0
DA:41,0
DA:42,0
DA:47,0
DA:48,0
DA:50,0
DA:51,0
DA:56,0
DA:57,0
DA:59,0
DA:60,0
DA:66,0
DA:67,0
DA:69,0
DA:70,0
DA:83,0
DA:84,0
DA:85,0
DA:87,0
DA:92,3
DA:93,3
DA:109,2
DA:110,2
DA:111,1
DA:112,1
DA:114,1
DA:118,1
DA:119,2
DA:120,2
DA:121,2
DA:122,2
DA:123,2
DA:125,0
DA:130,0
DA:132,0
DA:133,0
DA:135,0
DA:136,0
DA:137,0
DA:140,0
DA:145,0
DA:146,0
DA:149,0
DA:150,0
DA:152,0
DA:155,0
DA:156,0
DA:157,0
DA:159,0
DA:160,0
DA:166,0
DA:167,0
DA:168,0
DA:169,0
DA:171,0
DA:173,0
DA:174,0
DA:175,0
DA:178,0
DA:184,0
DA:185,0
DA:186,0
DA:189,0
DA:190,0
DA:191,0
DA:192,0
DA:196,0
DA:197,0
DA:198,0
DA:199,0
DA:203,0
DA:204,0
DA:205,0
DA:206,0
DA:211,0
DA:212,0
DA:214,0
DA:216,0
DA:217,0
DA:219,0
DA:220,0
DA:223,0
DA:224,0
DA:225,0
DA:229,0
DA:232,0
DA:233,0
DA:234,0
DA:236,0
DA:237,0
DA:238,0
DA:240,0
DA:256,0
DA:260,0
DA:261,0
DA:266,0
DA:267,0
DA:269,0
DA:271,0
DA:272,0
DA:274,0
DA:275,0
DA:278,0
DA:280,0
DA:281,0
DA:282,0
DA:285,0
DA:286,0
DA:287,0
DA:289,0
DA:290,0
DA:291,0
DA:292,0
DA:294,0
DA:328,0
DA:332,0
DA:333,0
DA:334,0
DA:336,0
DA:337,0
DA:338,0
DA:340,0
DA:341,0
DA:342,0
DA:343,0
DA:344,0
DA:345,0
DA:347,0
DA:348,0
DA:349,0
DA:351,0
DA:359,0
DA:363,0
DA:365,0
DA:366,0
DA:367,0
DA:368,0
DA:369,0
DA:372,0
DA:373,0
DA:381,0
DA:382,0
DA:387,2
DA:388,2
DA:389,2
DA:394,0
DA:395,0
DA:396,0
DA:398,0
DA:399,0
DA:400,0
DA:405,0
DA:406,0
DA:408,0
DA:409,0
DA:411,0
DA:412,0
DA:415,0
DA:417,0
DA:418,0
DA:423,0
DA:424,0
DA:425,0
DA:427,0
DA:432,0
DA:433,0
DA:434,0
DA:435,0
DA:437,0
DA:438,0
DA:443,1
DA:446,0
DA:447,0
DA:448,0
DA:451,0
DA:452,0
DA:455,0
DA:456,0
DA:457,0
DA:458,0
DA:459,0
DA:462,0
DA:463,0
DA:464,0
DA:465,0
DA:466,0
DA:467,0
DA:468,0
DA:469,0
DA:470,0
DA:473,0
DA:474,0
DA:477,0
DA:480,0
DA:481,0
DA:482,0
DA:483,0
DA:486,0
DA:487,0
DA:490,0
DA:493,0
DA:496,0
DA:497,0
DA:500,0
DA:501,0
DA:502,0
DA:503,0
DA:504,0
DA:505,0
DA:508,0
DA:509,0
DA:510,0
DA:511,0
DA:512,0
DA:515,0
DA:518,0
DA:519,0
DA:520,0
DA:521,0
DA:522,0
DA:526,0
DA:527,0
DA:528,0
DA:529,0
DA:530,0
DA:534,0
DA:535,0
DA:536,0
DA:537,0
DA:538,0
DA:542,0
DA:543,0
DA:544,0
DA:545,0
DA:546,0
DA:551,0
DA:558,0
DA:603,0
DA:615,0
DA:616,0
DA:620,0
DA:621,0
DA:622,0
DA:623,0
DA:624,0
DA:625,0
DA:628,0
DA:629,0
DA:631,0
DA:634,0
DA:636,0
DA:637,0
DA:638,0
DA:639,0
DA:640,0
DA:643,0
DA:644,0
DA:645,0
DA:646,0
DA:650,0
DA:651,0
DA:652,0
DA:653,0
DA:656,0
DA:657,0
DA:658,0
DA:659,0
DA:660,0
DA:664,0
DA:665,0
DA:666,0
DA:667,0
DA:672,0
DA:674,0
DA:677,0
DA:679,0
DA:682,0
DA:683,0
DA:684,0
DA:685,0
DA:688,0
DA:689,0
DA:690,0
DA:691,0
DA:695,0
DA:696,0
DA:697,0
DA:698,0
DA:702,0
DA:703,0
DA:705,0
DA:706,0
DA:707,0
DA:708,0
DA:715,0
DA:716,0
DA:719,0
DA:722,0
DA:723,0
DA:724,0
DA:725,0
DA:726,0
DA:727,0
DA:733,0
DA:734,0
DA:735,0
DA:738,0
DA:739,0
DA:742,0
DA:743,0
DA:744,0
DA:748,0
DA:749,0
DA:750,0
DA:751,0
DA:760,0
DA:761,0
DA:763,0
DA:765,0
DA:768,0
DA:769,0
DA:770,0
DA:771,0
DA:772,0
DA:776,0
DA:777,0
DA:778,0
DA:779,0
DA:780,0
DA:781,0
DA:782,0
DA:786,0
DA:787,0
DA:788,0
DA:793,0
DA:794,0
DA:796,0
DA:797,0
DA:798,0
DA:800,0
DA:804,0
DA:805,0
DA:808,0
DA:809,0
DA:811,0
DA:815,0
DA:816,0
DA:817,0
DA:818,0
DA:819,0
DA:820,0
DA:822,0
DA:823,0
DA:824,0
DA:830,0
DA:832,0
DA:836,0
DA:837,0
DA:840,0
DA:841,0
DA:842,0
DA:845,0
DA:848,0
DA:849,0
DA:850,0
DA:851,0
DA:853,0
DA:854,0
DA:855,0
DA:859,0
DA:860,0
DA:861,0
DA:862,0
DA:863,0
DA:864,0
DA:865,0
DA:869,0
DA:870,0
DA:871,0
DA:873,0
DA:874,0
DA:875,0
DA:879,0
DA:880,0
DA:881,0
DA:886,0
DA:887,0
DA:888,0
DA:889,0
DA:894,0
DA:895,0
DA:897,0
DA:898,0
DA:901,0
DA:902,0
DA:903,0
DA:907,0
DA:908,0
DA:911,0
DA:914,0
DA:915,0
DA:918,0
DA:922,0
DA:923,0
DA:927,0
DA:929,0
DA:930,0
DA:931,0
DA:933,0
DA:936,0
DA:937,0
DA:938,0
DA:940,0
DA:943,0
DA:944,0
DA:945,0
DA:947,0
DA:950,0
DA:951,0
DA:952,0
DA:954,0
DA:957,0
DA:958,0
DA:959,0
DA:961,0
DA:964,0
DA:965,0
DA:966,0
DA:967,0
DA:968,0
DA:969,0
DA:972,0
DA:975,0
DA:978,0
DA:980,0
DA:981,0
DA:982,0
DA:983,0
DA:985,0
DA:986,0
DA:988,0
DA:991,0
DA:994,0
DA:995,0
DA:996,0
DA:997,0
DA:1003,0
DA:1004,0
DA:1005,0
DA:1006,0
DA:1012,0
DA:1015,0
DA:1016,0
DA:1017,0
DA:1018,0
DA:1023,0
DA:1024,0
DA:1026,0
DA:1027,0
DA:1028,0
DA:1030,0
DA:1031,0
DA:1032,0
DA:1035,0
DA:1040,0
DA:1049,0
DA:1051,0
DA:1057,0
DA:1058,0
DA:1059,0
DA:1063,0
DA:1065,0
DA:1067,0
DA:1068,0
DA:1071,0
DA:1072,0
DA:1076,0
DA:1077,0
DA:1078,0
DA:1079,0
DA:1081,0
DA:1082,0
DA:1083,0
DA:1086,0
DA:1091,0
DA:1093,0
DA:1094,0
DA:1095,0
DA:1098,0
DA:1104,0
DA:1105,0
DA:1106,0
DA:1109,0
DA:1110,0
DA:1111,0
DA:1112,0
DA:1116,0
DA:1117,0
DA:1118,0
DA:1119,0
DA:1123,0
DA:1124,0
DA:1125,0
DA:1126,0
DA:1131,0
DA:1133,0
DA:1134,0
DA:1136,0
DA:1137,0
DA:1139,0
DA:1140,0
DA:1141,0
DA:1144,0
DA:1145,0
DA:1146,0
DA:1149,0
DA:1150,0
DA:1152,0
DA:1168,0
DA:1172,0
DA:1173,0
DA:1178,0
DA:1179,0
DA:1180,0
DA:1182,0
DA:1183,0
DA:1184,0
DA:1186,0
DA:1187,0
DA:1188,0
DA:1191,0
DA:1193,0
DA:1194,0
DA:1195,0
DA:1196,0
DA:1198,0
DA:1199,0
DA:1201,0
DA:1206,0
DA:1215,0
DA:1246,0
DA:1250,0
DA:1251,0
DA:1252,0
DA:1254,0
DA:1255,0
DA:1257,0
DA:1258,0
DA:1259,0
DA:1260,0
DA:1261,0
DA:1264,0
DA:1265,0
DA:1266,0
DA:1267,0
DA:1268,0
DA:1270,0
DA:1282,0
DA:1283,0
DA:1284,0
DA:1285,0
DA:1286,0
DA:1288,0
DA:1296,0
DA:1301,0
DA:1302,0
DA:1303,0
DA:1305,0
DA:1306,0
DA:1308,0
DA:1309,0
DA:1310,0
DA:1311,0
DA:1313,0
DA:1314,0
DA:1315,0
DA:1316,0
DA:1319,0
DA:1320,0
DA:1321,0
DA:1323,0
DA:1326,0
DA:1327,0
DA:1330,0
DA:1332,0
DA:1333,0
DA:1334,0
DA:1335,0
DA:1340,0
DA:1345,0
DA:1346,0
DA:1347,0
DA:1349,0
DA:1350,0
DA:1351,0
DA:1353,0
DA:1354,0
DA:1356,0
DA:1357,0
DA:1358,0
DA:1360,0
DA:1361,0
DA:1364,0
DA:1366,0
DA:1367,0
DA:1368,0
DA:1369,0
DA:1372,0
DA:1377,0
DA:1378,0
DA:1379,0
DA:1381,0
DA:1382,0
DA:1385,0
DA:1386,0
DA:1388,0
DA:1390,0
DA:1391,0
DA:1392,0
DA:1395,0
DA:1396,0
DA:1397,0
DA:1401,0
DA:1402,0
DA:1404,0
DA:1407,0
DA:1408,0
DA:1410,0
DA:1411,0
DA:1412,0
DA:1413,0
DA:1421,0
DA:1422,0
DA:1423,0
DA:1424,0
DA:1428,0
DA:1429,0
DA:1430,0
DA:1431,0
DA:1436,0
DA:1437,0
DA:1438,0
DA:1439,0
DA:1440,0
DA:1441,0
DA:1445,0
DA:1446,0
DA:1447,0
DA:1448,0
DA:1452,0
DA:1453,0
DA:1454,0
DA:1455,0
DA:1459,0
DA:1460,0
DA:1461,0
DA:1462,0
DA:1467,0
DA:1468,0
DA:1469,0
DA:1470,0
DA:1471,0
DA:1472,0
DA:1473,0
DA:1480,0
DA:1481,0
DA:1482,0
DA:1483,0
DA:1484,0
DA:1485,0
DA:1486,0
DA:1493,0
DA:1494,0
DA:1495,0
DA:1496,0
DA:1497,0
DA:1504,0
DA:1505,0
DA:1506,0
DA:1507,0
DA:1508,0
DA:1514,1
DA:1515,1
LF:701
LH:20
BRDA:7,0,0,0
BRDA:7,0,1,0
BRDA:9,1,0,0
BRDA:9,1,1,0
BRDA:12,2,0,0
BRDA:12,2,1,0
BRDA:18,3,0,0
BRDA:18,3,1,0
BRDA:18,4,0,0
BRDA:18,4,1,0
BRDA:23,5,0,0
BRDA:23,5,1,0
BRDA:29,6,0,0
BRDA:36,7,0,0
BRDA:36,7,1,0
BRDA:38,8,0,0
BRDA:38,8,1,0
BRDA:66,9,0,0
BRDA:66,9,1,0
BRDA:66,10,0,0
BRDA:66,10,1,0
BRDA:67,11,0,0
BRDA:67,11,1,0
BRDA:83,12,0,0
BRDA:83,12,1,0
BRDA:84,13,0,0
BRDA:84,13,1,0
BRDA:111,14,0,1
BRDA:111,14,1,0
BRDA:111,15,0,1
BRDA:111,15,1,1
BRDA:118,16,0,2
BRDA:119,17,0,0
BRDA:121,18,0,2
BRDA:121,18,1,0
BRDA:129,19,0,0
BRDA:130,20,0,0
BRDA:130,20,1,0
BRDA:135,21,0,0
BRDA:135,21,1,0
BRDA:144,22,0,0
BRDA:146,23,0,0
BRDA:146,23,1,0
BRDA:146,24,0,0
BRDA:146,24,1,0
BRDA:149,25,0,0
BRDA:149,25,1,0
BRDA:155,26,0,0
BRDA:155,26,1,0
BRDA:171,27,0,0
BRDA:171,27,1,0
BRDA:186,28,0,0
BRDA:186,28,1,0
BRDA:189,29,0,0
BRDA:189,29,1,0
BRDA:196,30,0,0
BRDA:196,30,1,0
BRDA:205,31,0,0
BRDA:205,31,1,0
BRDA:214,32,0,0
BRDA:214,32,1,0
BRDA:217,33,0,0
BRDA:219,34,0,0
BRDA:219,34,1,0
BRDA:223,35,0,0
BRDA:223,35,1,0
BRDA:237,36,0,0
BRDA:237,36,1,0
BRDA:238,37,0,0
BRDA:238,37,1,0
BRDA:238,37,2,0
BRDA:242,38,0,0
BRDA:242,38,1,0
BRDA:269,39,0,0
BRDA:269,39,1,0
BRDA:272,40,0,0
BRDA:274,41,0,0
BRDA:274,41,1,0
BRDA:280,42,0,0
BRDA:280,42,1,0
BRDA:334,43,0,0
BRDA:334,43,1,0
BRDA:338,44,0,0
BRDA:338,44,1,0
BRDA:340,45,0,0
BRDA:340,45,1,0
BRDA:344,46,0,0
BRDA:344,46,1,0
BRDA:344,47,0,0
BRDA:344,47,1,0
BRDA:347,48,0,0
BRDA:347,48,1,0
BRDA:352,49,0,0
BRDA:352,49,1,0
BRDA:353,50,0,0
BRDA:353,50,1,0
BRDA:363,51,0,0
BRDA:363,51,1,0
BRDA:363,52,0,0
BRDA:363,52,1,0
BRDA:368,53,0,0
BRDA:368,53,1,0
BRDA:368,54,0,0
BRDA:368,54,1,0
BRDA:372,55,0,0
BRDA:372,55,1,0
BRDA:372,56,0,0
BRDA:372,56,1,0
BRDA:373,57,0,0
BRDA:373,57,1,0
BRDA:387,58,0,0
BRDA:394,59,0,0
BRDA:394,59,1,0
BRDA:394,60,0,0
BRDA:394,60,1,0
BRDA:404,61,0,0
BRDA:406,62,0,0
BRDA:406,62,1,0
BRDA:411,63,0,0
BRDA:411,63,1,0
BRDA:425,64,0,0
BRDA:425,64,1,0
BRDA:425,65,0,0
BRDA:425,65,1,0
BRDA:432,66,0,0
BRDA:432,66,1,0
BRDA:519,67,0,0
BRDA:519,67,1,0
BRDA:519,68,0,0
BRDA:519,68,1,0
BRDA:519,68,2,0
BRDA:527,69,0,0
BRDA:527,69,1,0
BRDA:527,70,0,0
BRDA:527,70,1,0
BRDA:527,70,2,0
BRDA:535,71,0,0
BRDA:535,71,1,0
BRDA:535,72,0,0
BRDA:535,72,1,0
BRDA:535,72,2,0
BRDA:543,73,0,0
BRDA:543,73,1,0
BRDA:543,74,0,0
BRDA:543,74,1,0
BRDA:543,74,2,0
BRDA:620,75,0,0
BRDA:620,76,0,0
BRDA:620,76,1,0
BRDA:621,77,0,0
BRDA:621,77,1,0
BRDA:623,78,0,0
BRDA:623,78,1,0
BRDA:624,79,0,0
BRDA:624,79,1,0
BRDA:629,80,0,0
BRDA:629,80,1,0
BRDA:634,81,0,0
BRDA:634,81,1,0
BRDA:636,82,0,0
BRDA:636,82,1,0
BRDA:643,83,0,0
BRDA:643,83,1,0
BRDA:650,84,0,0
BRDA:650,84,1,0
BRDA:656,85,0,0
BRDA:656,85,1,0
BRDA:657,86,0,0
BRDA:657,86,1,0
BRDA:666,87,0,0
BRDA:666,87,1,0
BRDA:677,88,0,0
BRDA:677,88,1,0
BRDA:679,89,0,0
BRDA:679,89,1,0
BRDA:682,90,0,0
BRDA:682,90,1,0
BRDA:688,91,0,0
BRDA:688,91,1,0
BRDA:689,92,0,0
BRDA:689,92,1,0
BRDA:697,93,0,0
BRDA:697,93,1,0
BRDA:702,94,0,0
BRDA:702,94,1,0
BRDA:702,95,0,0
BRDA:702,95,1,0
BRDA:707,96,0,0
BRDA:707,96,1,0
BRDA:723,97,0,0
BRDA:723,97,1,0
BRDA:725,98,0,0
BRDA:725,98,1,0
BRDA:733,99,0,0
BRDA:733,99,1,0
BRDA:738,100,0,0
BRDA:738,100,1,0
BRDA:748,101,0,0
BRDA:748,101,1,0
BRDA:760,102,0,0
BRDA:761,103,0,0
BRDA:761,103,1,0
BRDA:763,104,0,0
BRDA:763,104,1,0
BRDA:777,105,0,0
BRDA:777,105,1,0
BRDA:787,106,0,0
BRDA:787,106,1,0
BRDA:787,107,0,0
BRDA:787,107,1,0
BRDA:787,107,2,0
BRDA:793,108,0,0
BRDA:793,108,1,0
BRDA:796,109,0,0
BRDA:796,109,1,0
BRDA:797,110,0,0
BRDA:797,110,1,0
BRDA:798,111,0,0
BRDA:798,111,1,0
BRDA:804,112,0,0
BRDA:804,112,1,0
BRDA:816,113,0,0
BRDA:816,113,1,0
BRDA:817,114,0,0
BRDA:817,114,1,0
BRDA:820,115,0,0
BRDA:820,115,1,0
BRDA:824,116,0,0
BRDA:824,116,1,0
BRDA:830,117,0,0
BRDA:830,117,1,0
BRDA:836,118,0,0
BRDA:836,118,1,0
BRDA:836,119,0,0
BRDA:836,119,1,0
BRDA:837,120,0,0
BRDA:837,120,1,0
BRDA:837,121,0,0
BRDA:837,121,1,0
BRDA:840,122,0,0
BRDA:840,122,1,0
BRDA:841,123,0,0
BRDA:841,123,1,0
BRDA:842,124,0,0
BRDA:842,124,1,0
BRDA:845,125,0,0
BRDA:845,125,1,0
BRDA:848,126,0,0
BRDA:848,126,1,0
BRDA:849,127,0,0
BRDA:849,127,1,0
BRDA:853,128,0,0
BRDA:853,128,1,0
BRDA:859,129,0,0
BRDA:859,129,1,0
BRDA:861,130,0,0
BRDA:861,130,1,0
BRDA:869,131,0,0
BRDA:869,131,1,0
BRDA:873,132,0,0
BRDA:873,132,1,0
BRDA:879,133,0,0
BRDA:879,133,1,0
BRDA:881,134,0,0
BRDA:881,134,1,0
BRDA:887,135,0,0
BRDA:887,135,1,0
BRDA:888,136,0,0
BRDA:888,136,1,0
BRDA:889,137,0,0
BRDA:889,137,1,0
BRDA:894,138,0,0
BRDA:894,138,1,0
BRDA:895,139,0,0
BRDA:895,139,1,0
BRDA:897,140,0,0
BRDA:897,140,1,0
BRDA:898,141,0,0
BRDA:898,141,1,0
BRDA:901,142,0,0
BRDA:901,142,1,0
BRDA:907,143,0,0
BRDA:907,143,1,0
BRDA:911,144,0,0
BRDA:911,144,1,0
BRDA:914,145,0,0
BRDA:914,145,1,0
BRDA:915,146,0,0
BRDA:915,146,1,0
BRDA:915,146,2,0
BRDA:918,147,0,0
BRDA:918,147,1,0
BRDA:922,148,0,0
BRDA:922,148,1,0
BRDA:929,149,0,0
BRDA:929,149,1,0
BRDA:929,150,0,0
BRDA:929,150,1,0
BRDA:936,151,0,0
BRDA:936,151,1,0
BRDA:936,152,0,0
BRDA:936,152,1,0
BRDA:943,153,0,0
BRDA:943,153,1,0
BRDA:943,154,0,0
BRDA:943,154,1,0
BRDA:950,155,0,0
BRDA:950,155,1,0
BRDA:950,156,0,0
BRDA:950,156,1,0
BRDA:961,157,0,0
BRDA:961,157,1,0
BRDA:961,158,0,0
BRDA:961,158,1,0
BRDA:964,159,0,0
BRDA:964,159,1,0
BRDA:966,160,0,0
BRDA:966,160,1,0
BRDA:978,161,0,0
BRDA:981,162,0,0
BRDA:981,162,1,0
BRDA:985,163,0,0
BRDA:985,163,1,0
BRDA:1003,164,0,0
BRDA:1003,164,1,0
BRDA:1005,165,0,0
BRDA:1005,165,1,0
BRDA:1022,166,0,0
BRDA:1024,167,0,0
BRDA:1024,167,1,0
BRDA:1039,168,0,0
BRDA:1041,169,0,0
BRDA:1041,169,1,0
BRDA:1052,170,0,0
BRDA:1052,170,1,0
BRDA:1052,171,0,0
BRDA:1052,171,1,0
BRDA:1053,172,0,0
BRDA:1053,172,1,0
BRDA:1054,173,0,0
BRDA:1054,173,1,0
BRDA:1054,174,0,0
BRDA:1054,174,1,0
BRDA:1057,175,0,0
BRDA:1057,175,1,0
BRDA:1065,176,0,0
BRDA:1065,176,1,0
BRDA:1076,177,0,0
BRDA:1076,177,1,0
BRDA:1091,178,0,0
BRDA:1091,178,1,0
BRDA:1106,179,0,0
BRDA:1106,179,1,0
BRDA:1109,180,0,0
BRDA:1109,180,1,0
BRDA:1116,181,0,0
BRDA:1116,181,1,0
BRDA:1125,182,0,0
BRDA:1125,182,1,0
BRDA:1131,183,0,0
BRDA:1131,183,1,0
BRDA:1131,184,0,0
BRDA:1131,184,1,0
BRDA:1134,185,0,0
BRDA:1139,186,0,0
BRDA:1139,186,1,0
BRDA:1149,187,0,0
BRDA:1149,187,1,0
BRDA:1149,187,2,0
BRDA:1150,188,0,0
BRDA:1150,188,1,0
BRDA:1180,189,0,0
BRDA:1180,189,1,0
BRDA:1180,190,0,0
BRDA:1180,190,1,0
BRDA:1182,191,0,0
BRDA:1186,192,0,0
BRDA:1186,192,1,0
BRDA:1198,193,0,0
BRDA:1198,193,1,0
BRDA:1199,194,0,0
BRDA:1199,194,1,0
BRDA:1201,195,0,0
BRDA:1201,195,1,0
BRDA:1202,196,0,0
BRDA:1202,196,1,0
BRDA:1206,197,0,0
BRDA:1206,197,1,0
BRDA:1217,198,0,0
BRDA:1217,198,1,0
BRDA:1222,199,0,0
BRDA:1222,199,1,0
BRDA:1252,200,0,0
BRDA:1252,200,1,0
BRDA:1257,201,0,0
BRDA:1257,201,1,0
BRDA:1264,202,0,0
BRDA:1264,202,1,0
BRDA:1265,203,0,0
BRDA:1265,203,1,0
BRDA:1266,204,0,0
BRDA:1266,204,1,0
BRDA:1277,205,0,0
BRDA:1277,205,1,0
BRDA:1278,206,0,0
BRDA:1278,206,1,0
BRDA:1279,207,0,0
BRDA:1279,207,1,0
BRDA:1282,208,0,0
BRDA:1282,208,1,0
BRDA:1282,209,0,0
BRDA:1282,209,1,0
BRDA:1288,210,0,0
BRDA:1288,210,1,0
BRDA:1301,211,0,0
BRDA:1301,211,1,0
BRDA:1303,212,0,0
BRDA:1303,212,1,0
BRDA:1305,213,0,0
BRDA:1305,213,1,0
BRDA:1306,214,0,0
BRDA:1306,214,1,0
BRDA:1308,215,0,0
BRDA:1308,215,1,0
BRDA:1310,216,0,0
BRDA:1310,216,1,0
BRDA:1313,217,0,0
BRDA:1313,217,1,0
BRDA:1315,218,0,0
BRDA:1315,218,1,0
BRDA:1319,219,0,0
BRDA:1319,220,0,0
BRDA:1319,220,1,0
BRDA:1332,221,0,0
BRDA:1332,221,1,0
BRDA:1334,222,0,0
BRDA:1334,222,1,0
BRDA:1345,223,0,0
BRDA:1345,223,1,0
BRDA:1347,224,0,0
BRDA:1347,224,1,0
BRDA:1347,225,0,0
BRDA:1347,225,1,0
BRDA:1347,225,2,0
BRDA:1350,226,0,0
BRDA:1353,227,0,0
BRDA:1353,227,1,0
BRDA:1353,228,0,0
BRDA:1353,228,1,0
BRDA:1356,229,0,0
BRDA:1356,229,1,0
BRDA:1358,230,0,0
BRDA:1358,230,1,0
BRDA:1367,231,0,0
BRDA:1367,231,1,0
BRDA:1369,232,0,0
BRDA:1369,232,1,0
BRDA:1377,233,0,0
BRDA:1377,233,1,0
BRDA:1379,234,0,0
BRDA:1379,234,1,0
BRDA:1385,235,0,0
BRDA:1388,236,0,0
BRDA:1388,236,1,0
BRDA:1390,237,0,0
BRDA:1390,237,1,0
BRDA:1395,238,0,0
BRDA:1395,238,1,0
BRDA:1401,239,0,0
BRDA:1401,239,1,0
BRDA:1404,240,0,0
BRDA:1404,240,1,0
BRDA:1404,240,2,0
BRDA:1411,241,0,0
BRDA:1411,241,1,0
BRDA:1413,242,0,0
BRDA:1413,242,1,0
BRDA:1421,243,0,0
BRDA:1421,243,1,0
BRDA:1423,244,0,0
BRDA:1423,244,1,0
BRDA:1428,245,0,0
BRDA:1428,245,1,0
BRDA:1430,246,0,0
BRDA:1430,246,1,0
BRDA:1436,247,0,0
BRDA:1436,247,1,0
BRDA:1440,248,0,0
BRDA:1440,248,1,0
BRDA:1445,249,0,0
BRDA:1445,249,1,0
BRDA:1447,250,0,0
BRDA:1447,250,1,0
BRDA:1452,251,0,0
BRDA:1452,251,1,0
BRDA:1454,252,0,0
BRDA:1454,252,1,0
BRDA:1459,253,0,0
BRDA:1459,253,1,0
BRDA:1461,254,0,0
BRDA:1461,254,1,0
BRDA:1467,255,0,0
BRDA:1467,255,1,0
BRDA:1469,256,0,0
BRDA:1469,256,1,0
BRDA:1471,257,0,0
BRDA:1471,257,1,0
BRDA:1473,258,0,0
BRDA:1473,258,1,0
BRDA:1480,259,0,0
BRDA:1480,259,1,0
BRDA:1482,260,0,0
BRDA:1482,260,1,0
BRDA:1484,261,0,0
BRDA:1484,261,1,0
BRDA:1486,262,0,0
BRDA:1486,262,1,0
BRDA:1493,263,0,0
BRDA:1493,263,1,0
BRDA:1495,264,0,0
BRDA:1495,264,1,0
BRDA:1497,265,0,0
BRDA:1497,265,1,0
BRDA:1504,266,0,0
BRDA:1504,266,1,0
BRDA:1504,267,0,0
BRDA:1504,267,1,0
BRDA:1507,268,0,0
BRDA:1507,268,1,0
BRDA:1508,269,0,0
BRDA:1508,269,1,0
BRDA:1514,270,0,1
BRDA:1514,270,1,0
BRDA:1514,271,0,1
BRDA:1514,271,1,1
BRF:535
BRH:8
end_of_record
TN:
SF:options_ui.js
FN:6,(anonymous_0)
FN:18,(anonymous_1)
FN:36,(anonymous_2)
FN:48,(anonymous_3)
FN:54,(anonymous_4)
FN:60,(anonymous_5)
FN:80,(anonymous_6)
FN:99,(anonymous_7)
FNF:8
FNH:0
FNDA:0,(anonymous_0)
FNDA:0,(anonymous_1)
FNDA:0,(anonymous_2)
FNDA:0,(anonymous_3)
FNDA:0,(anonymous_4)
FNDA:0,(anonymous_5)
FNDA:0,(anonymous_6)
FNDA:0,(anonymous_7)
DA:6,0
DA:11,0
DA:18,0
DA:19,0
DA:20,0
DA:21,0
DA:22,0
DA:24,0
DA:25,0
DA:26,0
DA:27,0
DA:28,0
DA:31,0
DA:32,0
DA:36,0
DA:37,0
DA:38,0
DA:39,0
DA:41,0
DA:48,0
DA:49,0
DA:50,0
DA:51,0
DA:53,0
DA:54,0
DA:55,0
DA:60,0
DA:61,0
DA:62,0
DA:63,0
DA:64,0
DA:69,0
DA:70,0
DA:71,0
DA:72,0
DA:74,0
DA:75,0
DA:80,0
DA:81,0
DA:82,0
DA:89,0
DA:90,0
DA:92,0
DA:99,0
DA:100,0
LF:45
LH:0
BRDA:18,0,0,0
BRDA:22,1,0,0
BRDA:22,1,1,0
BRDA:26,2,0,0
BRDA:26,2,1,0
BRDA:31,3,0,0
BRDA:31,3,1,0
BRDA:49,4,0,0
BRDA:49,4,1,0
BRDA:49,5,0,0
BRDA:49,5,1,0
BRDA:63,6,0,0
BRDA:63,6,1,0
BRDA:63,7,0,0
BRDA:63,7,1,0
BRDA:69,8,0,0
BRDA:69,8,1,0
BRDA:81,9,0,0
BRDA:81,9,1,0
BRDA:86,10,0,0
BRDA:86,10,1,0
BRDA:94,11,0,0
BRDA:94,11,1,0
BRDA:101,12,0,0
BRDA:101,12,1,0
BRF:25
BRH:0
end_of_record
