TN:
SF:ankiProvider.js
FN:1,addToAnki
FNF:1
FNH:1
FNDA:20,addToAnki
DA:3,20
DA:6,20
DA:8,7
DA:14,13
DA:21,20
DA:22,20
DA:23,20
DA:25,20
DA:26,7
DA:27,2
DA:30,13
DA:31,4
DA:36,14
DA:48,14
DA:60,14
DA:65,13
DA:66,12
DA:67,12
DA:68,11
LF:19
LH:19
BRDA:1,0,0,11
BRDA:1,1,0,12
BRDA:1,2,0,19
BRDA:6,3,0,7
BRDA:6,3,1,13
BRDA:9,4,0,7
BRDA:9,4,1,2
BRDA:9,4,2,1
BRDA:10,5,0,7
BRDA:10,5,1,6
BRDA:15,6,0,13
BRDA:15,6,1,2
BRDA:16,7,0,13
BRDA:16,7,1,2
BRDA:21,8,0,20
BRDA:21,8,1,10
BRDA:22,9,0,20
BRDA:22,9,1,10
BRDA:23,10,0,20
BRDA:23,10,1,15
BRDA:25,11,0,7
BRDA:25,11,1,13
BRDA:26,12,0,2
BRDA:26,12,1,5
BRDA:30,13,0,4
BRDA:30,13,1,9
BRDA:30,14,0,13
BRDA:30,14,1,10
BRDA:67,15,0,1
BRDA:67,15,1,11
BRF:30
BRH:30
end_of_record
TN:
SF:background.js
FN:55,(anonymous_0)
FN:56,(anonymous_1)
FN:71,getSyncScheduled
FN:75,setSyncScheduled
FN:83,getCachedPendingClips
FN:87,setCachedPendingClips
FN:96,notify
FN:104,(anonymous_7)
FN:130,getSelectionHtml
FN:136,(anonymous_9)
FN:138,(anonymous_10)
FN:146,(anonymous_11)
FN:176,getPromptTemplate
FN:209,(anonymous_13)
FN:239,injectContentScriptAndWait
FN:245,(anonymous_15)
FN:246,(anonymous_16)
FN:277,(anonymous_17)
FN:281,(anonymous_18)
FN:298,(anonymous_19)
FN:299,(anonymous_20)
FN:300,(anonymous_21)
FN:313,updateBadge
FN:314,(anonymous_23)
FN:315,(anonymous_24)
FN:338,queueClip
FN:354,scheduleSync
FN:360,flushQueue
FN:399,checkPendingClips
FN:407,initBadge
FN:412,initContextMenu
FN:423,handleAction
FN:584,fetchAnki
FN:603,isAnkiConnectAvailable
FN:613,fetchDeckNames
FN:631,isValidOpenAiKey
FN:635,stripHtml
FN:640,generateBackWithSource
FN:646,isPdfUrl
FN:658,saveToAnkiOrQueue
FN:700,getSettings
FN:720,sendFrontInputRequest
FN:740,(anonymous_42)
FN:748,(anonymous_43)
FN:749,(anonymous_44)
FN:757,(anonymous_45)
FN:770,storePromptHistory
FN:793,getPendingPdfCards
FN:803,removePdfCard
FN:807,(anonymous_49)
FN:817,(anonymous_50)
FN:818,(anonymous_51)
FN:826,(anonymous_52)
FN:831,(anonymous_53)
FN:835,(anonymous_54)
FN:861,handlePdfSelection
FN:1045,(anonymous_56)
FN:1056,generateWithOpenAI
FN:1099,handleContextMenuClick
FN:1110,createHandleMessage
FN:1115,handleMessage
FNF:61
FNH:51
FNDA:96,(anonymous_0)
FNDA:8,(anonymous_1)
FNDA:19,getSyncScheduled
FNDA:15,setSyncScheduled
FNDA:5,getCachedPendingClips
FNDA:21,setCachedPendingClips
FNDA:37,notify
FNDA:28,(anonymous_7)
FNDA:19,getSelectionHtml
FNDA:17,(anonymous_9)
FNDA:17,(anonymous_10)
FNDA:1,(anonymous_11)
FNDA:24,getPromptTemplate
FNDA:14,(anonymous_13)
FNDA:25,injectContentScriptAndWait
FNDA:24,(anonymous_15)
FNDA:24,(anonymous_16)
FNDA:12,(anonymous_17)
FNDA:12,(anonymous_18)
FNDA:17,(anonymous_19)
FNDA:17,(anonymous_20)
FNDA:17,(anonymous_21)
FNDA:28,updateBadge
FNDA:28,(anonymous_23)
FNDA:22,(anonymous_24)
FNDA:10,queueClip
FNDA:15,scheduleSync
FNDA:9,flushQueue
FNDA:3,checkPendingClips
FNDA:0,initBadge
FNDA:0,initContextMenu
FNDA:2,handleAction
FNDA:4,fetchAnki
FNDA:2,isAnkiConnectAvailable
FNDA:2,fetchDeckNames
FNDA:10,isValidOpenAiKey
FNDA:6,stripHtml
FNDA:20,generateBackWithSource
FNDA:46,isPdfUrl
FNDA:27,saveToAnkiOrQueue
FNDA:13,getSettings
FNDA:5,sendFrontInputRequest
FNDA:3,(anonymous_42)
FNDA:0,(anonymous_43)
FNDA:0,(anonymous_44)
FNDA:1,(anonymous_45)
FNDA:6,storePromptHistory
FNDA:8,getPendingPdfCards
FNDA:6,removePdfCard
FNDA:4,(anonymous_49)
FNDA:0,(anonymous_50)
FNDA:0,(anonymous_51)
FNDA:0,(anonymous_52)
FNDA:0,(anonymous_53)
FNDA:0,(anonymous_54)
FNDA:12,handlePdfSelection
FNDA:0,(anonymous_56)
FNDA:6,generateWithOpenAI
FNDA:2,handleContextMenuClick
FNDA:171,createHandleMessage
FNDA:42,handleMessage
DA:3,158
DA:4,158
DA:5,158
DA:6,158
DA:7,158
DA:8,158
DA:9,158
DA:12,158
DA:14,158
DA:55,158
DA:56,158
DA:60,158
DA:62,158
DA:63,158
DA:66,0
DA:67,0
DA:72,19
DA:76,15
DA:77,15
DA:79,0
DA:84,5
DA:88,21
DA:89,21
DA:91,0
DA:97,37
DA:98,2
DA:99,2
DA:102,35
DA:104,35
DA:105,28
DA:106,4
DA:108,4
DA:109,2
DA:110,2
DA:113,2
DA:114,2
DA:115,2
DA:116,2
DA:118,0
DA:120,2
DA:122,2
DA:125,0
DA:131,19
DA:132,2
DA:133,2
DA:136,17
DA:138,17
DA:139,17
DA:140,8
DA:141,8
DA:142,8
DA:143,2
DA:144,2
DA:146,1
DA:147,1
DA:148,0
DA:149,0
DA:151,1
DA:153,1
DA:154,1
DA:155,1
DA:157,0
DA:162,1
DA:163,1
DA:166,6
DA:169,9
DA:178,24
DA:179,1
DA:180,1
DA:187,23
DA:190,23
DA:191,1
DA:198,22
DA:200,1
DA:208,21
DA:209,21
DA:211,21
DA:212,7
DA:220,14
DA:221,2
DA:222,2
DA:230,12
DA:231,12
DA:241,25
DA:242,1
DA:245,24
DA:246,24
DA:247,24
DA:248,6
DA:249,6
DA:251,18
DA:252,18
DA:257,24
DA:258,9
DA:259,9
DA:262,15
DA:271,15
DA:272,3
DA:276,12
DA:277,12
DA:278,12
DA:282,12
DA:283,2
DA:284,10
DA:285,0
DA:287,10
DA:292,5
DA:293,5
DA:297,10
DA:298,17
DA:299,17
DA:300,17
DA:301,17
DA:303,17
DA:304,7
DA:308,3
DA:309,3
DA:314,28
DA:315,28
DA:316,22
DA:317,2
DA:318,2
DA:319,2
DA:322,20
DA:323,20
DA:325,20
DA:326,20
DA:328,20
DA:329,20
DA:330,20
DA:332,20
DA:339,10
DA:340,10
DA:341,8
DA:342,8
DA:343,8
DA:344,8
DA:345,8
DA:346,8
DA:347,8
DA:349,2
DA:350,2
DA:355,15
DA:356,11
DA:357,11
DA:361,9
DA:362,9
DA:364,8
DA:365,8
DA:366,13
DA:368,13
DA:369,13
DA:371,1
DA:372,1
DA:373,1
DA:374,1
DA:377,1
DA:379,1
DA:380,1
DA:383,13
DA:385,1
DA:387,1
DA:388,0
DA:393,8
DA:394,8
DA:395,8
DA:396,8
DA:400,3
DA:401,3
DA:402,3
DA:403,3
DA:408,0
DA:409,0
DA:414,0
DA:415,0
DA:424,2
DA:426,2
DA:429,2
DA:430,2
DA:431,0
DA:432,0
DA:435,2
DA:436,2
DA:437,2
DA:438,2
DA:441,2
DA:442,2
DA:443,0
DA:444,0
DA:445,0
DA:451,2
DA:452,2
DA:454,0
DA:455,0
DA:458,2
DA:459,0
DA:460,0
DA:464,2
DA:468,2
DA:470,2
DA:471,0
DA:472,0
DA:473,0
DA:481,0
DA:482,0
DA:484,0
DA:485,0
DA:488,2
DA:491,2
DA:492,2
DA:494,2
DA:495,2
DA:496,2
DA:499,2
DA:500,0
DA:515,0
DA:519,2
DA:520,2
DA:522,2
DA:523,0
DA:524,0
DA:533,0
DA:534,0
DA:549,0
DA:550,0
DA:551,0
DA:556,2
DA:558,2
DA:559,2
DA:576,2
DA:580,0
DA:585,4
DA:586,4
DA:591,4
DA:592,4
DA:593,4
DA:594,4
DA:595,4
DA:596,4
DA:598,0
DA:599,0
DA:604,2
DA:605,2
DA:606,2
DA:608,0
DA:611,158
DA:614,2
DA:615,2
DA:616,2
DA:617,2
DA:618,2
DA:619,2
DA:620,2
DA:623,0
DA:624,0
DA:632,10
DA:636,6
DA:637,3
DA:641,20
DA:642,6
DA:647,46
DA:648,37
DA:659,27
DA:660,27
DA:661,27
DA:663,2
DA:664,1
DA:665,1
DA:666,1
DA:669,2
DA:671,1
DA:672,1
DA:676,27
DA:677,25
DA:678,19
DA:680,6
DA:683,2
DA:684,1
DA:685,1
DA:686,1
DA:688,0
DA:691,1
DA:692,1
DA:694,0
DA:701,13
DA:723,5
DA:738,5
DA:740,5
DA:741,3
DA:742,2
DA:743,2
DA:744,1
DA:745,1
DA:746,1
DA:747,1
DA:749,0
DA:750,0
DA:751,0
DA:753,0
DA:758,1
DA:761,0
DA:764,1
DA:771,6
DA:772,6
DA:773,6
DA:776,5
DA:779,5
DA:782,5
DA:783,0
DA:786,5
DA:788,1
DA:794,8
DA:795,8
DA:796,5
DA:798,3
DA:799,3
DA:804,6
DA:805,6
DA:806,4
DA:807,4
DA:808,4
DA:809,4
DA:811,2
DA:812,2
DA:817,158
DA:818,0
DA:819,0
DA:820,0
DA:821,0
DA:823,0
DA:826,158
DA:827,0
DA:828,0
DA:831,158
DA:832,0
DA:835,158
DA:837,0
DA:838,0
DA:840,0
DA:841,0
DA:845,0
DA:846,0
DA:848,0
DA:849,0
DA:851,0
DA:854,0
DA:856,0
DA:862,12
DA:865,12
DA:866,1
DA:872,1
DA:875,11
DA:876,11
DA:879,11
DA:880,1
DA:881,1
DA:882,10
DA:884,10
DA:887,11
DA:888,11
DA:890,11
DA:891,11
DA:894,11
DA:895,11
DA:896,0
DA:897,0
DA:898,0
DA:902,11
DA:903,11
DA:906,11
DA:907,2
DA:908,2
DA:909,2
DA:917,1
DA:918,1
DA:920,1
DA:921,1
DA:927,1
DA:932,10
DA:933,10
DA:935,10
DA:936,2
DA:937,2
DA:946,1
DA:947,1
DA:961,1
DA:962,1
DA:963,1
DA:965,8
DA:967,1
DA:983,10
DA:986,10
DA:988,8
DA:1002,8
DA:1003,8
DA:1004,8
DA:1005,8
DA:1006,8
DA:1008,7
DA:1015,1
DA:1022,8
DA:1026,2
DA:1027,2
DA:1028,2
DA:1035,0
DA:1045,158
DA:1048,0
DA:1049,0
DA:1050,0
DA:1052,0
DA:1058,6
DA:1059,0
DA:1060,0
DA:1064,6
DA:1070,6
DA:1071,6
DA:1084,6
DA:1086,4
DA:1087,4
DA:1088,2
DA:1091,2
DA:1092,2
DA:1093,0
DA:1095,2
DA:1100,2
DA:1102,2
DA:1103,0
DA:1105,2
DA:1115,171
DA:1116,42
DA:1117,42
DA:1118,42
DA:1120,3
DA:1121,3
DA:1122,3
DA:1123,3
DA:1130,25
DA:1131,25
DA:1132,25
DA:1133,25
DA:1134,21
DA:1135,21
DA:1137,6
DA:1138,6
DA:1140,25
DA:1143,4
DA:1144,4
DA:1145,3
DA:1146,3
DA:1148,1
DA:1149,1
DA:1151,4
DA:1154,4
DA:1155,4
DA:1156,3
DA:1157,3
DA:1159,1
DA:1160,1
DA:1162,4
DA:1165,6
DA:1166,6
DA:1169,0
DA:1170,0
DA:1171,0
DA:1173,42
DA:1178,158
DA:1181,158
DA:1217,158
DA:1218,158
DA:1254,158
LF:470
LH:382
BRDA:55,0,0,96
BRDA:55,0,1,0
BRDA:55,1,0,96
BRDA:55,1,1,96
BRDA:56,2,0,8
BRDA:56,2,1,0
BRDA:56,3,0,8
BRDA:56,3,1,8
BRDA:56,4,0,0
BRDA:56,4,1,0
BRDA:56,5,0,0
BRDA:56,5,1,0
BRDA:60,6,0,158
BRDA:60,6,1,0
BRDA:62,7,0,158
BRDA:62,7,1,154
BRDA:63,8,0,158
BRDA:63,8,1,115
BRDA:72,9,0,19
BRDA:72,9,1,0
BRDA:76,10,0,15
BRDA:76,10,1,0
BRDA:84,11,0,5
BRDA:84,11,1,0
BRDA:88,12,0,21
BRDA:88,12,1,0
BRDA:97,13,0,2
BRDA:97,13,1,35
BRDA:97,14,0,37
BRDA:97,14,1,37
BRDA:105,15,0,4
BRDA:105,15,1,24
BRDA:108,16,0,2
BRDA:108,16,1,2
BRDA:113,17,0,2
BRDA:113,17,1,0
BRDA:131,18,0,2
BRDA:131,18,1,17
BRDA:131,19,0,19
BRDA:131,19,1,19
BRDA:139,20,0,8
BRDA:139,20,1,9
BRDA:142,21,0,2
BRDA:142,21,1,6
BRDA:147,22,0,0
BRDA:147,22,1,1
BRDA:153,23,0,1
BRDA:153,23,1,0
BRDA:153,24,0,1
BRDA:153,24,1,1
BRDA:157,25,0,0
BRDA:157,25,1,0
BRDA:169,26,0,9
BRDA:169,26,1,0
BRDA:178,27,0,1
BRDA:178,27,1,23
BRDA:190,28,0,1
BRDA:190,28,1,22
BRDA:198,29,0,1
BRDA:198,29,1,21
BRDA:208,30,0,12
BRDA:208,30,1,9
BRDA:211,31,0,7
BRDA:211,31,1,14
BRDA:211,32,0,21
BRDA:211,32,1,8
BRDA:220,33,0,2
BRDA:220,33,1,12
BRDA:220,34,0,14
BRDA:220,34,1,3
BRDA:239,35,0,21
BRDA:241,36,0,1
BRDA:241,36,1,24
BRDA:241,37,0,25
BRDA:241,37,1,25
BRDA:241,37,2,24
BRDA:247,38,0,6
BRDA:247,38,1,18
BRDA:257,39,0,9
BRDA:257,39,1,15
BRDA:257,40,0,24
BRDA:257,40,1,18
BRDA:257,40,2,17
BRDA:262,41,0,15
BRDA:262,41,1,12
BRDA:262,41,2,12
BRDA:262,41,3,12
BRDA:262,41,4,12
BRDA:262,41,5,12
BRDA:262,41,6,12
BRDA:262,41,7,12
BRDA:271,42,0,3
BRDA:271,42,1,12
BRDA:282,43,0,2
BRDA:282,43,1,10
BRDA:284,44,0,0
BRDA:284,44,1,10
BRDA:284,45,0,10
BRDA:284,45,1,10
BRDA:301,46,0,17
BRDA:301,46,1,7
BRDA:303,47,0,7
BRDA:303,47,1,10
BRDA:316,48,0,2
BRDA:316,48,1,20
BRDA:322,49,0,20
BRDA:322,49,1,3
BRDA:325,50,0,8
BRDA:325,50,1,12
BRDA:326,51,0,8
BRDA:326,51,1,12
BRDA:326,52,0,5
BRDA:326,52,1,3
BRDA:328,53,0,8
BRDA:328,53,1,12
BRDA:330,54,0,8
BRDA:330,54,1,12
BRDA:340,55,0,0
BRDA:341,56,0,7
BRDA:341,56,1,1
BRDA:355,57,0,4
BRDA:355,57,1,11
BRDA:361,58,0,0
BRDA:362,59,0,1
BRDA:362,59,1,8
BRDA:369,60,0,1
BRDA:369,60,1,12
BRDA:371,61,0,1
BRDA:371,61,1,0
BRDA:373,62,0,1
BRDA:373,62,1,0
BRDA:377,63,0,1
BRDA:377,63,1,0
BRDA:379,64,0,1
BRDA:379,64,1,0
BRDA:387,65,0,0
BRDA:387,65,1,1
BRDA:387,66,0,1
BRDA:387,66,1,1
BRDA:387,66,2,1
BRDA:393,67,0,8
BRDA:393,67,1,0
BRDA:393,68,0,8
BRDA:393,68,1,8
BRDA:393,68,2,8
BRDA:400,69,0,0
BRDA:401,70,0,2
BRDA:401,70,1,1
BRDA:402,71,0,1
BRDA:402,71,1,2
BRDA:414,72,0,0
BRDA:414,72,1,0
BRDA:430,73,0,0
BRDA:430,73,1,2
BRDA:430,74,0,2
BRDA:430,74,1,2
BRDA:436,75,0,2
BRDA:436,75,1,0
BRDA:437,76,0,2
BRDA:437,76,1,0
BRDA:442,77,0,0
BRDA:442,77,1,2
BRDA:442,78,0,2
BRDA:442,78,1,0
BRDA:442,78,2,0
BRDA:444,79,0,0
BRDA:444,79,1,0
BRDA:458,80,0,0
BRDA:458,80,1,2
BRDA:470,81,0,0
BRDA:470,81,1,2
BRDA:470,82,0,2
BRDA:470,82,1,0
BRDA:472,83,0,0
BRDA:472,83,1,0
BRDA:499,84,0,0
BRDA:499,84,1,2
BRDA:499,85,0,2
BRDA:499,85,1,0
BRDA:522,86,0,0
BRDA:522,86,1,2
BRDA:522,87,0,2
BRDA:522,87,1,1
BRDA:533,88,0,0
BRDA:533,88,1,0
BRDA:533,89,0,0
BRDA:533,89,1,0
BRDA:540,90,0,0
BRDA:540,90,1,0
BRDA:545,91,0,0
BRDA:545,91,1,0
BRDA:556,92,0,2
BRDA:556,92,1,1
BRDA:556,92,2,1
BRDA:556,92,3,0
BRDA:558,93,0,2
BRDA:558,93,1,0
BRDA:562,94,0,0
BRDA:562,94,1,2
BRDA:563,95,0,1
BRDA:563,95,1,1
BRDA:563,96,0,0
BRDA:563,96,1,1
BRDA:565,97,0,0
BRDA:565,97,1,2
BRDA:570,98,0,0
BRDA:570,98,1,2
BRDA:580,99,0,0
BRDA:580,99,1,0
BRDA:584,100,0,4
BRDA:593,101,0,0
BRDA:593,101,1,4
BRDA:595,102,0,0
BRDA:595,102,1,4
BRDA:618,103,0,0
BRDA:618,103,1,2
BRDA:632,104,0,10
BRDA:632,104,1,8
BRDA:632,104,2,3
BRDA:636,105,0,3
BRDA:636,105,1,3
BRDA:640,106,0,6
BRDA:641,107,0,14
BRDA:641,107,1,6
BRDA:647,108,0,9
BRDA:647,108,1,37
BRDA:649,109,0,37
BRDA:649,109,1,36
BRDA:649,109,2,11
BRDA:649,109,3,10
BRDA:649,109,4,0
BRDA:649,109,5,10
BRDA:658,110,0,22
BRDA:658,111,0,22
BRDA:658,112,0,23
BRDA:661,113,0,2
BRDA:661,113,1,25
BRDA:663,114,0,1
BRDA:663,114,1,1
BRDA:665,115,0,1
BRDA:665,115,1,0
BRDA:669,116,0,1
BRDA:669,116,1,1
BRDA:677,117,0,19
BRDA:677,117,1,6
BRDA:677,118,0,25
BRDA:677,118,1,19
BRDA:683,119,0,1
BRDA:683,119,1,1
BRDA:685,120,0,1
BRDA:685,120,1,0
BRDA:685,121,0,1
BRDA:685,121,1,1
BRDA:691,122,0,1
BRDA:691,122,1,0
BRDA:691,123,0,1
BRDA:691,123,1,1
BRDA:692,124,0,1
BRDA:692,124,1,0
BRDA:722,125,0,2
BRDA:722,126,0,2
BRDA:722,127,0,2
BRDA:722,128,0,2
BRDA:722,129,0,2
BRDA:741,130,0,2
BRDA:741,130,1,1
BRDA:743,131,0,1
BRDA:743,131,1,1
BRDA:745,132,0,1
BRDA:745,132,1,0
BRDA:750,133,0,0
BRDA:750,133,1,0
BRDA:773,134,0,2
BRDA:782,135,0,0
BRDA:782,135,1,5
BRDA:795,136,0,0
BRDA:796,137,0,4
BRDA:796,137,1,1
BRDA:806,138,0,4
BRDA:806,138,1,0
BRDA:832,139,0,0
BRDA:832,139,1,0
BRDA:840,140,0,0
BRDA:840,140,1,0
BRDA:845,141,0,0
BRDA:845,141,1,0
BRDA:848,142,0,0
BRDA:848,142,1,0
BRDA:848,143,0,0
BRDA:848,143,1,0
BRDA:865,144,0,1
BRDA:865,144,1,11
BRDA:865,145,0,12
BRDA:865,145,1,11
BRDA:875,146,0,11
BRDA:875,146,1,2
BRDA:876,147,0,11
BRDA:876,147,1,5
BRDA:876,147,2,0
BRDA:876,147,3,0
BRDA:879,148,0,1
BRDA:879,148,1,10
BRDA:879,149,0,11
BRDA:879,149,1,11
BRDA:880,150,0,1
BRDA:880,150,1,0
BRDA:882,151,0,10
BRDA:882,151,1,0
BRDA:882,152,0,10
BRDA:882,152,1,10
BRDA:895,153,0,0
BRDA:895,153,1,11
BRDA:895,154,0,11
BRDA:895,154,1,2
BRDA:895,154,2,2
BRDA:897,155,0,0
BRDA:897,155,1,0
BRDA:906,156,0,2
BRDA:906,156,1,9
BRDA:906,157,0,11
BRDA:906,157,1,2
BRDA:908,158,0,2
BRDA:908,158,1,2
BRDA:935,159,0,2
BRDA:935,159,1,8
BRDA:935,160,0,10
BRDA:935,160,1,9
BRDA:935,160,2,4
BRDA:946,161,0,1
BRDA:946,161,1,0
BRDA:946,162,0,1
BRDA:946,162,1,1
BRDA:953,163,0,0
BRDA:953,163,1,1
BRDA:965,164,0,1
BRDA:965,164,1,7
BRDA:965,165,0,8
BRDA:965,165,1,1
BRDA:965,165,2,1
BRDA:974,166,0,0
BRDA:974,166,1,1
BRDA:983,167,0,10
BRDA:983,167,1,5
BRDA:983,167,2,4
BRDA:983,167,3,2
BRDA:983,167,4,1
BRDA:983,167,5,2
BRDA:983,167,6,1
BRDA:983,167,7,0
BRDA:986,168,0,8
BRDA:986,168,1,2
BRDA:989,169,0,8
BRDA:989,169,1,0
BRDA:992,170,0,8
BRDA:992,170,1,8
BRDA:993,171,0,0
BRDA:993,171,1,8
BRDA:1004,172,0,2
BRDA:1004,172,1,6
BRDA:1027,173,0,1
BRDA:1027,173,1,1
BRDA:1049,174,0,0
BRDA:1049,174,1,0
BRDA:1049,175,0,0
BRDA:1049,175,1,0
BRDA:1056,176,0,0
BRDA:1058,177,0,0
BRDA:1058,177,1,6
BRDA:1058,178,0,6
BRDA:1058,178,1,6
BRDA:1058,178,2,6
BRDA:1059,179,0,0
BRDA:1059,179,1,0
BRDA:1059,180,0,0
BRDA:1059,180,1,0
BRDA:1059,180,2,0
BRDA:1087,181,0,2
BRDA:1087,181,1,2
BRDA:1092,182,0,0
BRDA:1092,182,1,2
BRDA:1092,183,0,2
BRDA:1092,183,1,2
BRDA:1092,183,2,2
BRDA:1102,184,0,0
BRDA:1102,184,1,2
BRDA:1110,185,0,159
BRDA:1111,186,0,164
BRDA:1112,187,0,167
BRDA:1113,188,0,166
BRDA:1118,189,0,3
BRDA:1118,189,1,4
BRDA:1118,189,2,13
BRDA:1118,189,3,16
BRDA:1118,189,4,25
BRDA:1118,189,5,4
BRDA:1118,189,6,4
BRDA:1118,189,7,6
BRDA:1130,190,0,25
BRDA:1130,190,1,13
BRDA:1217,191,0,158
BRDA:1217,191,1,0
BRDA:1217,192,0,158
BRDA:1217,192,1,158
BRF:403
BRH:291
end_of_record
TN:
SF:chatgptProvider.js
FN:8,generateFrontWithRetry
FN:26,generateFront
FN:96,generateCloze
FN:153,generateClozeWithRetry
FN:171,(anonymous_4)
FNF:5
FNH:5
FNDA:6,generateFrontWithRetry
FNDA:16,generateFront
FNDA:18,generateCloze
FNDA:6,generateClozeWithRetry
FNDA:3,(anonymous_4)
DA:9,6
DA:11,6
DA:12,3
DA:15,3
DA:27,16
DA:28,3
DA:34,13
DA:39,13
DA:41,13
DA:62,13
DA:64,13
DA:65,1
DA:66,1
DA:69,12
DA:70,12
DA:71,11
DA:72,11
DA:73,2
DA:74,2
DA:76,9
DA:78,3
DA:79,3
DA:80,3
DA:104,18
DA:105,2
DA:107,16
DA:109,16
DA:116,16
DA:130,11
DA:132,11
DA:133,1
DA:134,1
DA:137,10
DA:138,10
DA:139,9
DA:140,9
DA:141,0
DA:142,0
DA:144,9
DA:146,1
DA:147,1
DA:148,1
DA:162,6
DA:163,6
DA:164,9
DA:165,9
DA:168,5
DA:169,5
DA:170,5
DA:171,3
LF:50
LH:48
BRDA:11,0,0,3
BRDA:11,0,1,3
BRDA:11,1,0,6
BRDA:11,1,1,4
BRDA:27,2,0,3
BRDA:27,2,1,13
BRDA:27,3,0,16
BRDA:27,3,1,15
BRDA:27,3,2,14
BRDA:48,4,0,13
BRDA:48,4,1,1
BRDA:64,5,0,1
BRDA:64,5,1,12
BRDA:72,6,0,2
BRDA:72,6,1,9
BRDA:72,7,0,11
BRDA:72,7,1,10
BRDA:72,7,2,10
BRDA:72,7,3,10
BRDA:98,8,0,0
BRDA:99,9,0,0
BRDA:100,10,0,0
BRDA:104,11,0,2
BRDA:104,11,1,16
BRDA:104,12,0,18
BRDA:104,12,1,17
BRDA:107,13,0,16
BRDA:107,13,1,1
BRDA:111,14,0,14
BRDA:111,14,1,2
BRDA:132,15,0,1
BRDA:132,15,1,10
BRDA:140,16,0,0
BRDA:140,16,1,9
BRDA:140,17,0,9
BRDA:140,17,1,9
BRDA:140,17,2,9
BRDA:140,17,3,9
BRDA:155,18,0,0
BRDA:156,19,0,0
BRDA:157,20,0,0
BRDA:160,21,0,1
BRDA:169,22,0,5
BRDA:169,22,1,2
BRDA:170,23,0,2
BRDA:170,23,1,3
BRDA:170,24,0,5
BRDA:170,24,1,4
BRF:48
BRH:41
end_of_record
TN:
SF:contentScript.js
FN:10,(anonymous_0)
FN:41,(anonymous_1)
FN:52,(anonymous_2)
FN:73,(anonymous_3)
FN:107,(anonymous_4)
FN:120,(anonymous_5)
FN:128,(anonymous_6)
FN:135,toggleSave
FN:147,(anonymous_8)
FN:251,(anonymous_9)
FN:258,(anonymous_10)
FN:262,(anonymous_11)
FN:274,(anonymous_12)
FN:316,(anonymous_13)
FN:319,(anonymous_14)
FNF:15
FNH:0
FNDA:0,(anonymous_0)
FNDA:0,(anonymous_1)
FNDA:0,(anonymous_2)
FNDA:0,(anonymous_3)
FNDA:0,(anonymous_4)
FNDA:0,(anonymous_5)
FNDA:0,(anonymous_6)
FNDA:0,toggleSave
FNDA:0,(anonymous_8)
FNDA:0,(anonymous_9)
FNDA:0,(anonymous_10)
FNDA:0,(anonymous_11)
FNDA:0,(anonymous_12)
FNDA:0,(anonymous_13)
FNDA:0,(anonymous_14)
DA:1,0
DA:4,0
DA:10,0
DA:11,0
DA:14,0
DA:15,0
DA:16,0
DA:17,0
DA:18,0
DA:19,0
DA:20,0
DA:22,0
DA:24,0
DA:25,0
DA:26,0
DA:29,0
DA:30,0
DA:32,0
DA:33,0
DA:34,0
DA:35,0
DA:36,0
DA:39,0
DA:40,0
DA:41,0
DA:42,0
DA:43,0
DA:46,0
DA:47,0
DA:48,0
DA:49,0
DA:52,0
DA:53,0
DA:58,0
DA:59,0
DA:62,0
DA:65,0
DA:66,0
DA:67,0
DA:68,0
DA:70,0
DA:71,0
DA:73,0
DA:74,0
DA:77,0
DA:79,0
DA:81,0
DA:82,0
DA:83,0
DA:84,0
DA:86,0
DA:87,0
DA:88,0
DA:91,0
DA:94,0
DA:95,0
DA:97,0
DA:98,0
DA:99,0
DA:100,0
DA:101,0
DA:103,0
DA:104,0
DA:107,0
DA:108,0
DA:111,0
DA:112,0
DA:113,0
DA:115,0
DA:116,0
DA:120,0
DA:121,0
DA:124,0
DA:125,0
DA:127,0
DA:128,0
DA:131,0
DA:132,0
DA:133,0
DA:136,0
DA:139,0
DA:140,0
DA:143,0
DA:144,0
DA:145,0
DA:147,0
DA:148,0
DA:149,0
DA:151,0
DA:152,0
DA:154,0
DA:155,0
DA:157,0
DA:167,0
DA:172,0
DA:173,0
DA:177,0
DA:178,0
DA:180,0
DA:181,0
DA:182,0
DA:192,0
DA:193,0
DA:194,0
DA:206,0
DA:239,0
DA:240,0
DA:241,0
DA:251,0
DA:253,0
DA:254,0
DA:255,0
DA:258,0
DA:259,0
DA:262,0
DA:263,0
DA:272,0
DA:274,0
DA:275,0
DA:278,0
DA:282,0
DA:284,0
DA:285,0
DA:286,0
DA:289,0
DA:290,0
DA:291,0
DA:292,0
DA:305,0
DA:308,0
DA:309,0
DA:313,0
DA:315,0
DA:316,0
DA:317,0
DA:318,0
DA:319,0
DA:320,0
DA:321,0
DA:322,0
DA:324,0
DA:332,0
DA:335,0
DA:336,0
LF:144
LH:0
BRDA:14,0,0,0
BRDA:14,0,1,0
BRDA:17,1,0,0
BRDA:17,1,1,0
BRDA:25,2,0,0
BRDA:25,2,1,0
BRDA:32,3,0,0
BRDA:32,3,1,0
BRDA:47,4,0,0
BRDA:47,4,1,0
BRDA:58,5,0,0
BRDA:58,5,1,0
BRDA:59,6,0,0
BRDA:59,6,1,0
BRDA:60,7,0,0
BRDA:60,7,1,0
BRDA:61,8,0,0
BRDA:61,8,1,0
BRDA:67,9,0,0
BRDA:67,9,1,0
BRDA:68,10,0,0
BRDA:68,10,1,0
BRDA:68,11,0,0
BRDA:68,11,1,0
BRDA:74,12,0,0
BRDA:74,12,1,0
BRDA:81,13,0,0
BRDA:81,13,1,0
BRDA:97,14,0,0
BRDA:97,14,1,0
BRDA:101,15,0,0
BRDA:101,15,1,0
BRDA:101,15,2,0
BRDA:104,16,0,0
BRDA:104,16,1,0
BRDA:108,17,0,0
BRDA:108,17,1,0
BRDA:115,18,0,0
BRDA:115,18,1,0
BRDA:116,19,0,0
BRDA:116,19,1,0
BRDA:121,20,0,0
BRDA:121,20,1,0
BRDA:127,21,0,0
BRDA:127,21,1,0
BRDA:131,22,0,0
BRDA:131,22,1,0
BRDA:136,23,0,0
BRDA:136,23,1,0
BRDA:137,24,0,0
BRDA:137,24,1,0
BRDA:138,25,0,0
BRDA:138,25,1,0
BRDA:143,26,0,0
BRDA:143,26,1,0
BRDA:144,27,0,0
BRDA:144,27,1,0
BRDA:148,28,0,0
BRDA:148,28,1,0
BRDA:149,29,0,0
BRDA:149,29,1,0
BRDA:151,30,0,0
BRDA:151,30,1,0
BRDA:151,31,0,0
BRDA:151,31,1,0
BRDA:152,32,0,0
BRDA:152,32,1,0
BRDA:152,33,0,0
BRDA:152,33,1,0
BRDA:155,34,0,0
BRDA:155,34,1,0
BRDA:159,35,0,0
BRDA:159,35,1,0
BRDA:177,36,0,0
BRDA:177,36,1,0
BRDA:212,37,0,0
BRDA:212,37,1,0
BRDA:219,38,0,0
BRDA:219,38,1,0
BRDA:224,39,0,0
BRDA:224,39,1,0
BRDA:225,40,0,0
BRDA:225,40,1,0
BRDA:275,41,0,0
BRDA:275,41,1,0
BRDA:282,42,0,0
BRDA:282,42,1,0
BRDA:284,43,0,0
BRDA:284,43,1,0
BRDA:289,44,0,0
BRDA:289,44,1,0
BRDA:310,45,0,0
BRDA:310,45,1,0
BRDA:311,46,0,0
BRDA:311,46,1,0
BRDA:315,47,0,0
BRDA:315,47,1,0
BRDA:317,48,0,0
BRDA:317,48,1,0
BRDA:320,49,0,0
BRDA:320,49,1,0
BRDA:335,50,0,0
BRDA:335,50,1,0
BRDA:335,51,0,0
BRDA:335,51,1,0
BRF:105
BRH:0
end_of_record
TN:
SF:options.js
FN:4,(anonymous_0)
FN:5,(anonymous_1)
FN:6,(anonymous_2)
FN:10,toggleGPTSection
FN:15,(anonymous_4)
FN:22,(anonymous_5)
FN:28,(anonymous_6)
FN:35,fetchAnki
FN:50,fetchDeckNames
FN:60,fetchModelNames
FN:71,testOpenAI
FN:100,(anonymous_11)
FN:101,(anonymous_12)
FN:115,(anonymous_13)
FN:121,(anonymous_14)
FN:121,(anonymous_15)
FN:122,(anonymous_16)
FN:130,(anonymous_17)
FN:141,getUniquePromptLabel
FN:147,(anonymous_19)
FN:156,toggleSection
FN:178,refreshAnkiStatus
FN:202,(anonymous_22)
FN:206,(anonymous_23)
FN:219,refreshPromptHistory
FN:241,(anonymous_25)
FN:274,renderPdfReviewList
FN:295,(anonymous_27)
FN:296,(anonymous_28)
FN:298,(anonymous_29)
FN:352,(anonymous_30)
FN:357,(anonymous_31)
FN:361,(anonymous_32)
FN:398,(anonymous_33)
FN:400,(anonymous_34)
FN:421,queueClip
FN:433,flashButtonGreen
FN:439,(anonymous_37)
FN:444,showUINotification
FN:457,(anonymous_39)
FN:462,updateUIConnectionStatus
FN:483,(anonymous_41)
FN:560,(anonymous_42)
FN:568,(anonymous_43)
FN:576,(anonymous_44)
FN:584,(anonymous_45)
FN:658,enterAddPromptMode
FN:711,exitAddPromptMode
FN:755,(anonymous_48)
FN:769,(anonymous_49)
FN:783,(anonymous_50)
FN:803,renderSelect
FN:813,(anonymous_52)
FN:821,(anonymous_53)
FN:821,(anonymous_54)
FN:831,(anonymous_55)
FN:831,(anonymous_56)
FN:831,(anonymous_57)
FN:838,(anonymous_58)
FN:839,(anonymous_59)
FN:842,(anonymous_60)
FN:853,(anonymous_61)
FN:860,(anonymous_62)
FN:860,(anonymous_63)
FN:874,updateUIForPromptType
FN:960,(anonymous_65)
FN:1010,(anonymous_66)
FN:1025,(anonymous_67)
FN:1027,(anonymous_68)
FN:1028,(anonymous_69)
FN:1032,(anonymous_70)
FN:1035,(anonymous_71)
FN:1040,(anonymous_72)
FN:1041,(anonymous_73)
FN:1049,(anonymous_74)
FN:1067,getUniquePromptLabel
FN:1071,(anonymous_76)
FN:1071,(anonymous_77)
FN:1084,toggleSection
FN:1114,refreshAnkiStatus
FN:1135,(anonymous_80)
FN:1142,(anonymous_81)
FN:1154,refreshPromptHistory
FN:1168,(anonymous_83)
FN:1201,renderPdfReviewList
FN:1217,(anonymous_85)
FN:1222,(anonymous_86)
FN:1223,(anonymous_87)
FN:1274,(anonymous_88)
FN:1279,(anonymous_89)
FN:1282,(anonymous_90)
FN:1319,(anonymous_91)
FN:1321,(anonymous_92)
FN:1340,(anonymous_93)
FN:1368,(anonymous_94)
FN:1384,(anonymous_95)
FN:1389,(anonymous_96)
FN:1391,(anonymous_97)
FN:1404,(anonymous_98)
FN:1416,(anonymous_99)
FN:1426,(anonymous_100)
FN:1426,(anonymous_101)
FN:1450,(anonymous_102)
FN:1457,deletePromptAndUpdate
FN:1458,(anonymous_104)
FN:1460,(anonymous_105)
FN:1460,(anonymous_106)
FN:1466,(anonymous_107)
FN:1475,(anonymous_108)
FN:1476,(anonymous_109)
FN:1482,(anonymous_110)
FN:1483,(anonymous_111)
FN:1490,(anonymous_112)
FN:1493,(anonymous_113)
FN:1499,(anonymous_114)
FN:1500,(anonymous_115)
FN:1506,(anonymous_116)
FN:1507,(anonymous_117)
FN:1513,(anonymous_118)
FN:1514,(anonymous_119)
FN:1520,ensureModal
FN:1535,(anonymous_121)
FN:1539,(anonymous_122)
FN:1551,(anonymous_123)
FN:1552,(anonymous_124)
FN:1564,(anonymous_125)
FN:1568,(anonymous_126)
FN:1580,(anonymous_127)
FN:1581,(anonymous_128)
FN:1593,(anonymous_129)
FN:1602,(anonymous_130)
FN:1611,isValidOpenAiKey
FNF:132
FNH:37
FNDA:36,(anonymous_0)
FNDA:25,(anonymous_1)
FNDA:6,(anonymous_2)
FNDA:6,toggleGPTSection
FNDA:23,(anonymous_4)
FNDA:6,(anonymous_5)
FNDA:93,(anonymous_6)
FNDA:22,fetchAnki
FNDA:7,fetchDeckNames
FNDA:7,fetchModelNames
FNDA:10,testOpenAI
FNDA:7,(anonymous_11)
FNDA:7,(anonymous_12)
FNDA:6,(anonymous_13)
FNDA:5,(anonymous_14)
FNDA:5,(anonymous_15)
FNDA:4,(anonymous_16)
FNDA:7,(anonymous_17)
FNDA:9,getUniquePromptLabel
FNDA:22,(anonymous_19)
FNDA:4,toggleSection
FNDA:3,refreshAnkiStatus
FNDA:1,(anonymous_22)
FNDA:1,(anonymous_23)
FNDA:7,refreshPromptHistory
FNDA:4,(anonymous_25)
FNDA:3,renderPdfReviewList
FNDA:1,(anonymous_27)
FNDA:1,(anonymous_28)
FNDA:2,(anonymous_29)
FNDA:0,(anonymous_30)
FNDA:0,(anonymous_31)
FNDA:0,(anonymous_32)
FNDA:0,(anonymous_33)
FNDA:0,(anonymous_34)
FNDA:5,queueClip
FNDA:4,flashButtonGreen
FNDA:2,(anonymous_37)
FNDA:5,showUINotification
FNDA:4,(anonymous_39)
FNDA:5,updateUIConnectionStatus
FNDA:0,(anonymous_41)
FNDA:0,(anonymous_42)
FNDA:0,(anonymous_43)
FNDA:0,(anonymous_44)
FNDA:0,(anonymous_45)
FNDA:0,enterAddPromptMode
FNDA:0,exitAddPromptMode
FNDA:0,(anonymous_48)
FNDA:0,(anonymous_49)
FNDA:0,(anonymous_50)
FNDA:0,renderSelect
FNDA:0,(anonymous_52)
FNDA:0,(anonymous_53)
FNDA:0,(anonymous_54)
FNDA:0,(anonymous_55)
FNDA:0,(anonymous_56)
FNDA:0,(anonymous_57)
FNDA:0,(anonymous_58)
FNDA:0,(anonymous_59)
FNDA:0,(anonymous_60)
FNDA:0,(anonymous_61)
FNDA:0,(anonymous_62)
FNDA:0,(anonymous_63)
FNDA:0,updateUIForPromptType
FNDA:0,(anonymous_65)
FNDA:0,(anonymous_66)
FNDA:0,(anonymous_67)
FNDA:0,(anonymous_68)
FNDA:0,(anonymous_69)
FNDA:0,(anonymous_70)
FNDA:0,(anonymous_71)
FNDA:0,(anonymous_72)
FNDA:0,(anonymous_73)
FNDA:0,(anonymous_74)
FNDA:0,getUniquePromptLabel
FNDA:0,(anonymous_76)
FNDA:0,(anonymous_77)
FNDA:0,toggleSection
FNDA:0,refreshAnkiStatus
FNDA:0,(anonymous_80)
FNDA:0,(anonymous_81)
FNDA:0,refreshPromptHistory
FNDA:0,(anonymous_83)
FNDA:0,renderPdfReviewList
FNDA:0,(anonymous_85)
FNDA:0,(anonymous_86)
FNDA:0,(anonymous_87)
FNDA:0,(anonymous_88)
FNDA:0,(anonymous_89)
FNDA:0,(anonymous_90)
FNDA:0,(anonymous_91)
FNDA:0,(anonymous_92)
FNDA:0,(anonymous_93)
FNDA:0,(anonymous_94)
FNDA:0,(anonymous_95)
FNDA:0,(anonymous_96)
FNDA:0,(anonymous_97)
FNDA:0,(anonymous_98)
FNDA:0,(anonymous_99)
FNDA:0,(anonymous_100)
FNDA:0,(anonymous_101)
FNDA:0,(anonymous_102)
FNDA:0,deletePromptAndUpdate
FNDA:0,(anonymous_104)
FNDA:0,(anonymous_105)
FNDA:0,(anonymous_106)
FNDA:0,(anonymous_107)
FNDA:0,(anonymous_108)
FNDA:0,(anonymous_109)
FNDA:0,(anonymous_110)
FNDA:0,(anonymous_111)
FNDA:0,(anonymous_112)
FNDA:0,(anonymous_113)
FNDA:0,(anonymous_114)
FNDA:0,(anonymous_115)
FNDA:0,(anonymous_116)
FNDA:0,(anonymous_117)
FNDA:0,(anonymous_118)
FNDA:0,(anonymous_119)
FNDA:0,ensureModal
FNDA:0,(anonymous_121)
FNDA:0,(anonymous_122)
FNDA:0,(anonymous_123)
FNDA:0,(anonymous_124)
FNDA:0,(anonymous_125)
FNDA:0,(anonymous_126)
FNDA:0,(anonymous_127)
FNDA:0,(anonymous_128)
FNDA:0,(anonymous_129)
FNDA:0,(anonymous_130)
FNDA:7,isValidOpenAiKey
DA:4,36
DA:5,33
DA:6,33
DA:11,6
DA:12,6
DA:13,5
DA:14,5
DA:15,5
DA:17,23
DA:18,18
DA:22,33
DA:23,6
DA:24,6
DA:25,3
DA:28,3
DA:29,93
DA:30,93
DA:36,22
DA:37,22
DA:42,22
DA:43,22
DA:44,14
DA:45,12
DA:46,12
DA:47,10
DA:51,7
DA:52,7
DA:53,4
DA:55,3
DA:56,3
DA:61,7
DA:62,7
DA:63,4
DA:65,3
DA:66,3
DA:72,10
DA:73,10
DA:74,8
DA:76,3
DA:77,3
DA:78,3
DA:91,2
DA:92,1
DA:93,1
DA:95,1
DA:100,33
DA:101,7
DA:102,7
DA:116,6
DA:121,33
DA:122,5
DA:123,4
DA:124,3
DA:126,4
DA:130,33
DA:131,7
DA:132,7
DA:133,7
DA:134,5
DA:135,5
DA:137,2
DA:142,9
DA:144,6
DA:145,6
DA:147,22
DA:148,5
DA:149,5
DA:152,6
DA:157,4
DA:158,4
DA:161,3
DA:162,1
DA:165,2
DA:168,3
DA:169,1
DA:170,1
DA:172,2
DA:173,2
DA:179,3
DA:180,3
DA:181,3
DA:182,3
DA:184,3
DA:186,2
DA:187,2
DA:188,2
DA:191,2
DA:197,2
DA:198,1
DA:201,1
DA:202,1
DA:203,1
DA:205,1
DA:206,1
DA:207,1
DA:209,1
DA:210,1
DA:211,1
DA:213,1
DA:214,1
DA:215,1
DA:220,7
DA:221,7
DA:223,7
DA:225,5
DA:226,5
DA:228,3
DA:229,3
DA:232,3
DA:233,1
DA:234,1
DA:238,2
DA:241,2
DA:242,4
DA:243,4
DA:245,4
DA:246,4
DA:247,4
DA:249,4
DA:265,4
DA:269,2
DA:270,2
DA:275,3
DA:276,3
DA:278,3
DA:280,2
DA:281,2
DA:283,2
DA:284,2
DA:287,2
DA:289,2
DA:290,1
DA:291,1
DA:294,1
DA:295,1
DA:296,1
DA:298,1
DA:299,2
DA:300,2
DA:301,2
DA:303,2
DA:308,2
DA:317,2
DA:348,2
DA:352,1
DA:353,0
DA:354,0
DA:356,0
DA:357,0
DA:358,0
DA:360,0
DA:361,0
DA:362,0
DA:363,0
DA:364,0
DA:365,0
DA:367,0
DA:368,0
DA:369,0
DA:370,0
DA:371,0
DA:372,0
DA:373,0
DA:374,0
DA:375,0
DA:377,0
DA:387,0
DA:399,0
DA:400,0
DA:401,0
DA:402,0
DA:403,0
DA:404,0
DA:407,0
DA:408,0
DA:416,0
DA:417,0
DA:422,5
DA:423,5
DA:424,5
DA:428,33
DA:429,33
DA:434,4
DA:435,2
DA:436,2
DA:438,2
DA:439,2
DA:440,2
DA:445,5
DA:446,5
DA:448,4
DA:449,4
DA:451,4
DA:452,2
DA:455,4
DA:457,4
DA:458,4
DA:463,5
DA:464,5
DA:465,5
DA:467,4
DA:472,4
DA:473,2
DA:474,2
DA:475,2
DA:477,2
DA:478,2
DA:483,33
DA:486,0
DA:487,0
DA:488,0
DA:491,0
DA:492,0
DA:495,0
DA:496,0
DA:497,0
DA:498,0
DA:499,0
DA:502,0
DA:503,0
DA:504,0
DA:505,0
DA:506,0
DA:507,0
DA:508,0
DA:509,0
DA:510,0
DA:513,0
DA:514,0
DA:517,0
DA:520,0
DA:521,0
DA:522,0
DA:523,0
DA:526,0
DA:527,0
DA:530,0
DA:533,0
DA:536,0
DA:537,0
DA:540,0
DA:541,0
DA:542,0
DA:543,0
DA:544,0
DA:545,0
DA:548,0
DA:549,0
DA:550,0
DA:551,0
DA:552,0
DA:555,0
DA:558,0
DA:559,0
DA:560,0
DA:561,0
DA:562,0
DA:566,0
DA:567,0
DA:568,0
DA:569,0
DA:570,0
DA:574,0
DA:575,0
DA:576,0
DA:577,0
DA:578,0
DA:582,0
DA:583,0
DA:584,0
DA:585,0
DA:586,0
DA:591,0
DA:598,0
DA:643,0
DA:655,0
DA:656,0
DA:660,0
DA:661,0
DA:662,0
DA:663,0
DA:664,0
DA:665,0
DA:668,0
DA:669,0
DA:671,0
DA:674,0
DA:676,0
DA:677,0
DA:678,0
DA:679,0
DA:680,0
DA:683,0
DA:684,0
DA:685,0
DA:686,0
DA:690,0
DA:691,0
DA:692,0
DA:693,0
DA:696,0
DA:697,0
DA:698,0
DA:699,0
DA:700,0
DA:704,0
DA:705,0
DA:706,0
DA:707,0
DA:712,0
DA:714,0
DA:717,0
DA:719,0
DA:722,0
DA:723,0
DA:724,0
DA:725,0
DA:728,0
DA:729,0
DA:730,0
DA:731,0
DA:735,0
DA:736,0
DA:737,0
DA:738,0
DA:742,0
DA:743,0
DA:745,0
DA:746,0
DA:747,0
DA:748,0
DA:755,0
DA:757,0
DA:758,0
DA:761,0
DA:764,0
DA:767,0
DA:768,0
DA:769,0
DA:770,0
DA:771,0
DA:772,0
DA:778,0
DA:779,0
DA:780,0
DA:783,0
DA:784,0
DA:787,0
DA:788,0
DA:789,0
DA:793,0
DA:794,0
DA:795,0
DA:796,0
DA:805,0
DA:806,0
DA:808,0
DA:810,0
DA:813,0
DA:814,0
DA:815,0
DA:816,0
DA:817,0
DA:821,0
DA:822,0
DA:823,0
DA:824,0
DA:825,0
DA:826,0
DA:827,0
DA:831,0
DA:832,0
DA:833,0
DA:838,0
DA:839,0
DA:841,0
DA:842,0
DA:843,0
DA:845,0
DA:849,0
DA:850,0
DA:853,0
DA:854,0
DA:856,0
DA:860,0
DA:861,0
DA:862,0
DA:863,0
DA:864,0
DA:865,0
DA:867,0
DA:868,0
DA:869,0
DA:875,0
DA:877,0
DA:881,0
DA:882,0
DA:885,0
DA:886,0
DA:887,0
DA:890,0
DA:893,0
DA:894,0
DA:895,0
DA:896,0
DA:898,0
DA:899,0
DA:900,0
DA:904,0
DA:905,0
DA:906,0
DA:907,0
DA:908,0
DA:909,0
DA:910,0
DA:914,0
DA:915,0
DA:916,0
DA:918,0
DA:919,0
DA:920,0
DA:924,0
DA:925,0
DA:926,0
DA:931,0
DA:932,0
DA:933,0
DA:934,0
DA:939,0
DA:940,0
DA:942,0
DA:943,0
DA:946,0
DA:947,0
DA:948,0
DA:952,0
DA:953,0
DA:956,0
DA:959,0
DA:960,0
DA:963,0
DA:967,0
DA:968,0
DA:972,0
DA:974,0
DA:975,0
DA:976,0
DA:978,0
DA:981,0
DA:982,0
DA:983,0
DA:985,0
DA:988,0
DA:989,0
DA:990,0
DA:992,0
DA:995,0
DA:996,0
DA:997,0
DA:999,0
DA:1002,0
DA:1003,0
DA:1004,0
DA:1006,0
DA:1009,0
DA:1010,0
DA:1011,0
DA:1012,0
DA:1013,0
DA:1014,0
DA:1017,0
DA:1020,0
DA:1023,0
DA:1025,0
DA:1026,0
DA:1027,0
DA:1028,0
DA:1030,0
DA:1031,0
DA:1033,0
DA:1036,0
DA:1039,0
DA:1040,0
DA:1041,0
DA:1042,0
DA:1048,0
DA:1049,0
DA:1050,0
DA:1051,0
DA:1057,0
DA:1060,0
DA:1061,0
DA:1062,0
DA:1063,0
DA:1068,0
DA:1069,0
DA:1071,0
DA:1072,0
DA:1073,0
DA:1075,0
DA:1076,0
DA:1077,0
DA:1080,0
DA:1085,0
DA:1087,0
DA:1088,0
DA:1089,0
DA:1093,0
DA:1095,0
DA:1097,0
DA:1100,0
DA:1104,0
DA:1105,0
DA:1106,0
DA:1108,0
DA:1109,0
DA:1115,0
DA:1117,0
DA:1118,0
DA:1119,0
DA:1122,0
DA:1128,0
DA:1129,0
DA:1130,0
DA:1133,0
DA:1134,0
DA:1135,0
DA:1136,0
DA:1140,0
DA:1141,0
DA:1142,0
DA:1143,0
DA:1147,0
DA:1148,0
DA:1149,0
DA:1150,0
DA:1155,0
DA:1157,0
DA:1158,0
DA:1160,0
DA:1161,0
DA:1163,0
DA:1164,0
DA:1165,0
DA:1168,0
DA:1169,0
DA:1170,0
DA:1173,0
DA:1174,0
DA:1176,0
DA:1192,0
DA:1196,0
DA:1197,0
DA:1202,0
DA:1203,0
DA:1204,0
DA:1206,0
DA:1207,0
DA:1208,0
DA:1210,0
DA:1211,0
DA:1212,0
DA:1215,0
DA:1217,0
DA:1218,0
DA:1219,0
DA:1220,0
DA:1222,0
DA:1223,0
DA:1225,0
DA:1230,0
DA:1239,0
DA:1270,0
DA:1274,0
DA:1275,0
DA:1276,0
DA:1278,0
DA:1279,0
DA:1281,0
DA:1282,0
DA:1283,0
DA:1284,0
DA:1285,0
DA:1288,0
DA:1289,0
DA:1290,0
DA:1291,0
DA:1292,0
DA:1293,0
DA:1294,0
DA:1295,0
DA:1296,0
DA:1298,0
DA:1308,0
DA:1320,0
DA:1321,0
DA:1322,0
DA:1323,0
DA:1324,0
DA:1326,0
DA:1334,0
DA:1339,0
DA:1340,0
DA:1341,0
DA:1343,0
DA:1344,0
DA:1346,0
DA:1347,0
DA:1348,0
DA:1349,0
DA:1351,0
DA:1352,0
DA:1353,0
DA:1354,0
DA:1357,0
DA:1358,0
DA:1359,0
DA:1361,0
DA:1364,0
DA:1365,0
DA:1368,0
DA:1370,0
DA:1371,0
DA:1372,0
DA:1373,0
DA:1378,0
DA:1383,0
DA:1384,0
DA:1385,0
DA:1387,0
DA:1388,0
DA:1389,0
DA:1391,0
DA:1392,0
DA:1394,0
DA:1395,0
DA:1396,0
DA:1398,0
DA:1399,0
DA:1402,0
DA:1404,0
DA:1405,0
DA:1406,0
DA:1407,0
DA:1410,0
DA:1415,0
DA:1416,0
DA:1417,0
DA:1419,0
DA:1420,0
DA:1423,0
DA:1424,0
DA:1426,0
DA:1428,0
DA:1429,0
DA:1430,0
DA:1433,0
DA:1434,0
DA:1435,0
DA:1439,0
DA:1441,0
DA:1442,0
DA:1444,0
DA:1447,0
DA:1450,0
DA:1458,0
DA:1460,0
DA:1463,0
DA:1464,0
DA:1466,0
DA:1467,0
DA:1468,0
DA:1469,0
DA:1474,0
DA:1475,0
DA:1476,0
DA:1477,0
DA:1481,0
DA:1482,0
DA:1483,0
DA:1484,0
DA:1489,0
DA:1490,0
DA:1491,0
DA:1492,0
DA:1493,0
DA:1494,0
DA:1498,0
DA:1499,0
DA:1500,0
DA:1501,0
DA:1505,0
DA:1506,0
DA:1507,0
DA:1508,0
DA:1512,0
DA:1513,0
DA:1514,0
DA:1515,0
DA:1521,0
DA:1523,0
DA:1524,0
DA:1526,0
DA:1527,0
DA:1530,0
DA:1534,0
DA:1535,0
DA:1536,0
DA:1538,0
DA:1539,0
DA:1540,0
DA:1541,0
DA:1542,0
DA:1545,0
DA:1548,0
DA:1552,0
DA:1553,0
DA:1554,0
DA:1555,0
DA:1563,0
DA:1564,0
DA:1565,0
DA:1567,0
DA:1568,0
DA:1569,0
DA:1570,0
DA:1571,0
DA:1574,0
DA:1577,0
DA:1581,0
DA:1582,0
DA:1583,0
DA:1584,0
DA:1592,0
DA:1593,0
DA:1594,0
DA:1595,0
DA:1596,0
DA:1601,0
DA:1602,0
DA:1603,0
DA:1604,0
DA:1605,0
DA:1614,7
DA:1615,7
LF:745
LH:178
BRDA:4,0,0,36
BRDA:4,0,1,34
BRDA:4,1,0,34
BRDA:4,1,1,0
BRDA:4,2,0,34
BRDA:4,2,1,34
BRDA:4,3,0,0
BRDA:4,3,1,0
BRDA:4,4,0,0
BRDA:4,4,1,0
BRDA:5,5,0,25
BRDA:5,5,1,20
BRDA:5,6,0,20
BRDA:5,6,1,0
BRDA:5,7,0,20
BRDA:5,7,1,20
BRDA:5,8,0,0
BRDA:5,8,1,0
BRDA:5,9,0,0
BRDA:5,9,1,0
BRDA:6,10,0,6
BRDA:6,10,1,6
BRDA:6,11,0,3
BRDA:6,11,1,3
BRDA:6,12,0,6
BRDA:6,12,1,6
BRDA:6,13,0,0
BRDA:6,13,1,3
BRDA:6,14,0,3
BRDA:6,14,1,3
BRDA:12,15,0,1
BRDA:12,15,1,5
BRDA:14,16,0,3
BRDA:14,16,1,2
BRDA:17,17,0,5
BRDA:17,17,1,18
BRDA:24,18,0,3
BRDA:24,18,1,3
BRDA:24,19,0,6
BRDA:24,19,1,3
BRDA:29,20,0,90
BRDA:29,20,1,3
BRDA:35,21,0,7
BRDA:44,22,0,2
BRDA:44,22,1,12
BRDA:46,23,0,2
BRDA:46,23,1,10
BRDA:72,24,0,10
BRDA:72,24,1,9
BRDA:72,24,2,0
BRDA:73,25,0,2
BRDA:73,25,1,8
BRDA:73,26,0,10
BRDA:73,26,1,9
BRDA:74,27,0,5
BRDA:74,27,1,3
BRDA:91,28,0,1
BRDA:91,28,1,1
BRDA:92,29,0,0
BRDA:92,29,1,1
BRDA:123,30,0,3
BRDA:123,30,1,1
BRDA:123,31,0,4
BRDA:123,31,1,4
BRDA:130,32,0,7
BRDA:131,33,0,0
BRDA:133,34,0,5
BRDA:133,34,1,2
BRDA:141,35,0,7
BRDA:142,36,0,3
BRDA:142,36,1,6
BRDA:147,37,0,22
BRDA:147,37,1,20
BRDA:156,38,0,3
BRDA:158,39,0,1
BRDA:158,39,1,3
BRDA:158,40,0,4
BRDA:158,40,1,3
BRDA:161,41,0,1
BRDA:161,41,1,2
BRDA:168,42,0,1
BRDA:168,42,1,2
BRDA:184,43,0,1
BRDA:184,43,1,2
BRDA:197,44,0,1
BRDA:197,44,1,1
BRDA:197,45,0,2
BRDA:197,45,1,2
BRDA:198,46,0,0
BRDA:198,46,1,1
BRDA:198,47,0,1
BRDA:198,47,1,1
BRDA:201,48,0,1
BRDA:201,48,1,0
BRDA:203,49,0,1
BRDA:203,49,1,0
BRDA:205,50,0,1
BRDA:205,50,1,0
BRDA:207,51,0,1
BRDA:207,51,1,0
BRDA:211,52,0,1
BRDA:211,52,1,0
BRDA:215,53,0,1
BRDA:215,53,1,0
BRDA:223,54,0,2
BRDA:223,54,1,5
BRDA:226,55,0,0
BRDA:228,56,0,3
BRDA:228,56,1,0
BRDA:232,57,0,1
BRDA:232,57,1,2
BRDA:246,58,0,4
BRDA:246,58,1,2
BRDA:247,59,0,4
BRDA:247,59,1,1
BRDA:247,59,2,0
BRDA:251,60,0,4
BRDA:251,60,1,2
BRDA:278,61,0,1
BRDA:278,61,1,2
BRDA:281,62,0,0
BRDA:283,63,0,2
BRDA:283,63,1,0
BRDA:289,64,0,1
BRDA:289,64,1,1
BRDA:303,65,0,0
BRDA:303,65,1,2
BRDA:304,66,0,0
BRDA:304,66,1,0
BRDA:308,67,0,0
BRDA:308,67,1,2
BRDA:354,68,0,0
BRDA:354,68,1,0
BRDA:358,69,0,0
BRDA:358,69,1,0
BRDA:360,70,0,0
BRDA:360,70,1,0
BRDA:364,71,0,0
BRDA:364,71,1,0
BRDA:364,72,0,0
BRDA:364,72,1,0
BRDA:367,73,0,0
BRDA:367,73,1,0
BRDA:369,74,0,0
BRDA:369,74,1,0
BRDA:370,75,0,0
BRDA:370,75,1,0
BRDA:370,76,0,0
BRDA:370,76,1,0
BRDA:373,77,0,0
BRDA:373,77,1,0
BRDA:374,78,0,0
BRDA:374,78,1,0
BRDA:375,79,0,0
BRDA:375,79,1,0
BRDA:399,80,0,0
BRDA:399,80,1,0
BRDA:399,81,0,0
BRDA:399,81,1,0
BRDA:403,82,0,0
BRDA:403,82,1,0
BRDA:403,83,0,0
BRDA:403,83,1,0
BRDA:407,84,0,0
BRDA:407,84,1,0
BRDA:407,85,0,0
BRDA:407,85,1,0
BRDA:408,86,0,0
BRDA:408,86,1,0
BRDA:422,87,0,1
BRDA:428,88,0,33
BRDA:428,88,1,0
BRDA:434,89,0,2
BRDA:434,89,1,2
BRDA:434,90,0,4
BRDA:434,90,1,3
BRDA:444,91,0,3
BRDA:446,92,0,1
BRDA:446,92,1,4
BRDA:451,93,0,2
BRDA:451,93,1,2
BRDA:465,94,0,1
BRDA:465,94,1,4
BRDA:465,95,0,5
BRDA:465,95,1,4
BRDA:472,96,0,2
BRDA:472,96,1,2
BRDA:559,97,0,0
BRDA:559,97,1,0
BRDA:559,98,0,0
BRDA:559,98,1,0
BRDA:559,98,2,0
BRDA:567,99,0,0
BRDA:567,99,1,0
BRDA:567,100,0,0
BRDA:567,100,1,0
BRDA:567,100,2,0
BRDA:575,101,0,0
BRDA:575,101,1,0
BRDA:575,102,0,0
BRDA:575,102,1,0
BRDA:575,102,2,0
BRDA:583,103,0,0
BRDA:583,103,1,0
BRDA:583,104,0,0
BRDA:583,104,1,0
BRDA:583,104,2,0
BRDA:660,105,0,0
BRDA:660,106,0,0
BRDA:660,106,1,0
BRDA:661,107,0,0
BRDA:661,107,1,0
BRDA:663,108,0,0
BRDA:663,108,1,0
BRDA:664,109,0,0
BRDA:664,109,1,0
BRDA:669,110,0,0
BRDA:669,110,1,0
BRDA:674,111,0,0
BRDA:674,111,1,0
BRDA:676,112,0,0
BRDA:676,112,1,0
BRDA:683,113,0,0
BRDA:683,113,1,0
BRDA:690,114,0,0
BRDA:690,114,1,0
BRDA:696,115,0,0
BRDA:696,115,1,0
BRDA:697,116,0,0
BRDA:697,116,1,0
BRDA:706,117,0,0
BRDA:706,117,1,0
BRDA:717,118,0,0
BRDA:717,118,1,0
BRDA:719,119,0,0
BRDA:719,119,1,0
BRDA:722,120,0,0
BRDA:722,120,1,0
BRDA:728,121,0,0
BRDA:728,121,1,0
BRDA:729,122,0,0
BRDA:729,122,1,0
BRDA:737,123,0,0
BRDA:737,123,1,0
BRDA:742,124,0,0
BRDA:742,124,1,0
BRDA:742,125,0,0
BRDA:742,125,1,0
BRDA:747,126,0,0
BRDA:747,126,1,0
BRDA:757,127,0,0
BRDA:757,127,1,0
BRDA:757,128,0,0
BRDA:757,128,1,0
BRDA:768,129,0,0
BRDA:768,129,1,0
BRDA:770,130,0,0
BRDA:770,130,1,0
BRDA:778,131,0,0
BRDA:778,131,1,0
BRDA:783,132,0,0
BRDA:783,132,1,0
BRDA:793,133,0,0
BRDA:793,133,1,0
BRDA:805,134,0,0
BRDA:806,135,0,0
BRDA:806,135,1,0
BRDA:808,136,0,0
BRDA:808,136,1,0
BRDA:822,137,0,0
BRDA:822,137,1,0
BRDA:832,138,0,0
BRDA:832,138,1,0
BRDA:832,139,0,0
BRDA:832,139,1,0
BRDA:832,139,2,0
BRDA:838,140,0,0
BRDA:838,140,1,0
BRDA:841,141,0,0
BRDA:841,141,1,0
BRDA:842,142,0,0
BRDA:842,142,1,0
BRDA:843,143,0,0
BRDA:843,143,1,0
BRDA:849,144,0,0
BRDA:849,144,1,0
BRDA:861,145,0,0
BRDA:861,145,1,0
BRDA:862,146,0,0
BRDA:862,146,1,0
BRDA:865,147,0,0
BRDA:865,147,1,0
BRDA:869,148,0,0
BRDA:869,148,1,0
BRDA:875,149,0,0
BRDA:875,149,1,0
BRDA:881,150,0,0
BRDA:881,150,1,0
BRDA:881,151,0,0
BRDA:881,151,1,0
BRDA:882,152,0,0
BRDA:882,152,1,0
BRDA:882,153,0,0
BRDA:882,153,1,0
BRDA:885,154,0,0
BRDA:885,154,1,0
BRDA:886,155,0,0
BRDA:886,155,1,0
BRDA:887,156,0,0
BRDA:887,156,1,0
BRDA:890,157,0,0
BRDA:890,157,1,0
BRDA:893,158,0,0
BRDA:893,158,1,0
BRDA:894,159,0,0
BRDA:894,159,1,0
BRDA:898,160,0,0
BRDA:898,160,1,0
BRDA:904,161,0,0
BRDA:904,161,1,0
BRDA:906,162,0,0
BRDA:906,162,1,0
BRDA:914,163,0,0
BRDA:914,163,1,0
BRDA:918,164,0,0
BRDA:918,164,1,0
BRDA:924,165,0,0
BRDA:924,165,1,0
BRDA:926,166,0,0
BRDA:926,166,1,0
BRDA:932,167,0,0
BRDA:932,167,1,0
BRDA:933,168,0,0
BRDA:933,168,1,0
BRDA:934,169,0,0
BRDA:934,169,1,0
BRDA:939,170,0,0
BRDA:939,170,1,0
BRDA:940,171,0,0
BRDA:940,171,1,0
BRDA:942,172,0,0
BRDA:942,172,1,0
BRDA:943,173,0,0
BRDA:943,173,1,0
BRDA:946,174,0,0
BRDA:946,174,1,0
BRDA:952,175,0,0
BRDA:952,175,1,0
BRDA:956,176,0,0
BRDA:956,176,1,0
BRDA:959,177,0,0
BRDA:959,177,1,0
BRDA:960,178,0,0
BRDA:960,178,1,0
BRDA:960,178,2,0
BRDA:963,179,0,0
BRDA:963,179,1,0
BRDA:967,180,0,0
BRDA:967,180,1,0
BRDA:974,181,0,0
BRDA:974,181,1,0
BRDA:974,182,0,0
BRDA:974,182,1,0
BRDA:981,183,0,0
BRDA:981,183,1,0
BRDA:981,184,0,0
BRDA:981,184,1,0
BRDA:988,185,0,0
BRDA:988,185,1,0
BRDA:988,186,0,0
BRDA:988,186,1,0
BRDA:995,187,0,0
BRDA:995,187,1,0
BRDA:995,188,0,0
BRDA:995,188,1,0
BRDA:1006,189,0,0
BRDA:1006,189,1,0
BRDA:1006,190,0,0
BRDA:1006,190,1,0
BRDA:1009,191,0,0
BRDA:1009,191,1,0
BRDA:1011,192,0,0
BRDA:1011,192,1,0
BRDA:1023,193,0,0
BRDA:1026,194,0,0
BRDA:1026,194,1,0
BRDA:1030,195,0,0
BRDA:1030,195,1,0
BRDA:1048,196,0,0
BRDA:1048,196,1,0
BRDA:1050,197,0,0
BRDA:1050,197,1,0
BRDA:1067,198,0,0
BRDA:1069,199,0,0
BRDA:1069,199,1,0
BRDA:1084,200,0,0
BRDA:1087,201,0,0
BRDA:1087,201,1,0
BRDA:1095,202,0,0
BRDA:1095,202,1,0
BRDA:1104,203,0,0
BRDA:1104,203,1,0
BRDA:1115,204,0,0
BRDA:1115,204,1,0
BRDA:1130,205,0,0
BRDA:1130,205,1,0
BRDA:1133,206,0,0
BRDA:1133,206,1,0
BRDA:1140,207,0,0
BRDA:1140,207,1,0
BRDA:1149,208,0,0
BRDA:1149,208,1,0
BRDA:1155,209,0,0
BRDA:1155,209,1,0
BRDA:1155,210,0,0
BRDA:1155,210,1,0
BRDA:1158,211,0,0
BRDA:1163,212,0,0
BRDA:1163,212,1,0
BRDA:1173,213,0,0
BRDA:1173,213,1,0
BRDA:1173,213,2,0
BRDA:1174,214,0,0
BRDA:1174,214,1,0
BRDA:1204,215,0,0
BRDA:1204,215,1,0
BRDA:1204,216,0,0
BRDA:1204,216,1,0
BRDA:1206,217,0,0
BRDA:1210,218,0,0
BRDA:1210,218,1,0
BRDA:1222,219,0,0
BRDA:1222,219,1,0
BRDA:1223,220,0,0
BRDA:1223,220,1,0
BRDA:1225,221,0,0
BRDA:1225,221,1,0
BRDA:1226,222,0,0
BRDA:1226,222,1,0
BRDA:1230,223,0,0
BRDA:1230,223,1,0
BRDA:1241,224,0,0
BRDA:1241,224,1,0
BRDA:1246,225,0,0
BRDA:1246,225,1,0
BRDA:1276,226,0,0
BRDA:1276,226,1,0
BRDA:1281,227,0,0
BRDA:1281,227,1,0
BRDA:1288,228,0,0
BRDA:1288,228,1,0
BRDA:1290,229,0,0
BRDA:1290,229,1,0
BRDA:1291,230,0,0
BRDA:1291,230,1,0
BRDA:1291,231,0,0
BRDA:1291,231,1,0
BRDA:1294,232,0,0
BRDA:1294,232,1,0
BRDA:1295,233,0,0
BRDA:1295,233,1,0
BRDA:1296,234,0,0
BRDA:1296,234,1,0
BRDA:1320,235,0,0
BRDA:1320,235,1,0
BRDA:1320,236,0,0
BRDA:1320,236,1,0
BRDA:1326,237,0,0
BRDA:1326,237,1,0
BRDA:1339,238,0,0
BRDA:1339,238,1,0
BRDA:1341,239,0,0
BRDA:1341,239,1,0
BRDA:1343,240,0,0
BRDA:1343,240,1,0
BRDA:1344,241,0,0
BRDA:1344,241,1,0
BRDA:1346,242,0,0
BRDA:1346,242,1,0
BRDA:1348,243,0,0
BRDA:1348,243,1,0
BRDA:1351,244,0,0
BRDA:1351,244,1,0
BRDA:1353,245,0,0
BRDA:1353,245,1,0
BRDA:1357,246,0,0
BRDA:1357,247,0,0
BRDA:1357,247,1,0
BRDA:1370,248,0,0
BRDA:1370,248,1,0
BRDA:1372,249,0,0
BRDA:1372,249,1,0
BRDA:1383,250,0,0
BRDA:1383,250,1,0
BRDA:1385,251,0,0
BRDA:1385,251,1,0
BRDA:1385,252,0,0
BRDA:1385,252,1,0
BRDA:1385,252,2,0
BRDA:1388,253,0,0
BRDA:1391,254,0,0
BRDA:1391,254,1,0
BRDA:1391,255,0,0
BRDA:1391,255,1,0
BRDA:1394,256,0,0
BRDA:1394,256,1,0
BRDA:1396,257,0,0
BRDA:1396,257,1,0
BRDA:1405,258,0,0
BRDA:1405,258,1,0
BRDA:1407,259,0,0
BRDA:1407,259,1,0
BRDA:1415,260,0,0
BRDA:1415,260,1,0
BRDA:1417,261,0,0
BRDA:1417,261,1,0
BRDA:1423,262,0,0
BRDA:1426,263,0,0
BRDA:1426,263,1,0
BRDA:1428,264,0,0
BRDA:1428,264,1,0
BRDA:1433,265,0,0
BRDA:1433,265,1,0
BRDA:1439,266,0,0
BRDA:1439,266,1,0
BRDA:1441,267,0,0
BRDA:1441,267,1,0
BRDA:1460,268,0,0
BRDA:1460,268,1,0
BRDA:1460,268,2,0
BRDA:1467,269,0,0
BRDA:1467,269,1,0
BRDA:1469,270,0,0
BRDA:1469,270,1,0
BRDA:1474,271,0,0
BRDA:1474,271,1,0
BRDA:1476,272,0,0
BRDA:1476,272,1,0
BRDA:1481,273,0,0
BRDA:1481,273,1,0
BRDA:1483,274,0,0
BRDA:1483,274,1,0
BRDA:1489,275,0,0
BRDA:1489,275,1,0
BRDA:1493,276,0,0
BRDA:1493,276,1,0
BRDA:1498,277,0,0
BRDA:1498,277,1,0
BRDA:1500,278,0,0
BRDA:1500,278,1,0
BRDA:1505,279,0,0
BRDA:1505,279,1,0
BRDA:1507,280,0,0
BRDA:1507,280,1,0
BRDA:1512,281,0,0
BRDA:1512,281,1,0
BRDA:1514,282,0,0
BRDA:1514,282,1,0
BRDA:1521,283,0,0
BRDA:1521,283,1,0
BRDA:1521,284,0,0
BRDA:1521,284,1,0
BRDA:1523,285,0,0
BRDA:1523,285,1,0
BRDA:1534,286,0,0
BRDA:1534,286,1,0
BRDA:1536,287,0,0
BRDA:1536,287,1,0
BRDA:1538,288,0,0
BRDA:1538,288,1,0
BRDA:1540,289,0,0
BRDA:1540,289,1,0
BRDA:1542,290,0,0
BRDA:1542,290,1,0
BRDA:1553,291,0,0
BRDA:1553,291,1,0
BRDA:1555,292,0,0
BRDA:1555,292,1,0
BRDA:1563,293,0,0
BRDA:1563,293,1,0
BRDA:1565,294,0,0
BRDA:1565,294,1,0
BRDA:1567,295,0,0
BRDA:1567,295,1,0
BRDA:1569,296,0,0
BRDA:1569,296,1,0
BRDA:1571,297,0,0
BRDA:1571,297,1,0
BRDA:1582,298,0,0
BRDA:1582,298,1,0
BRDA:1584,299,0,0
BRDA:1584,299,1,0
BRDA:1592,300,0,0
BRDA:1592,300,1,0
BRDA:1594,301,0,0
BRDA:1594,301,1,0
BRDA:1596,302,0,0
BRDA:1596,302,1,0
BRDA:1601,303,0,0
BRDA:1601,303,1,0
BRDA:1601,304,0,0
BRDA:1601,304,1,0
BRDA:1604,305,0,0
BRDA:1604,305,1,0
BRDA:1605,306,0,0
BRDA:1605,306,1,0
BRDA:1615,307,0,7
BRDA:1615,307,1,7
BRF:608
BRH:120
end_of_record
TN:
SF:options_ui.js
FN:8,(anonymous_0)
FN:9,(anonymous_1)
FN:11,(anonymous_2)
FN:14,(anonymous_3)
FN:33,(anonymous_4)
FNF:5
FNH:5
FNDA:14,(anonymous_0)
FNDA:6,(anonymous_1)
FNDA:4,(anonymous_2)
FNDA:23,(anonymous_3)
FNDA:11,(anonymous_4)
DA:8,1
DA:9,14
DA:10,14
DA:11,14
DA:14,14
DA:15,23
DA:16,11
DA:23,11
DA:24,11
DA:26,11
DA:33,11
DA:34,11
LF:12
LH:12
BRDA:9,0,0,5
BRDA:15,1,0,11
BRDA:15,1,1,12
BRDA:20,2,0,11
BRDA:20,2,1,0
BRDA:28,3,0,11
BRDA:28,3,1,11
BRDA:35,4,0,11
BRDA:35,4,1,0
BRF:9
BRH:7
end_of_record
TN:
SF:options_ui_logic.js
FN:10,showUINotification
FN:28,(anonymous_1)
FN:40,flashButtonGreen
FN:46,(anonymous_3)
FN:56,updateUIConnectionStatus
FN:77,clearAllNotificationTimeouts
FNF:6
FNH:6
FNDA:8,showUINotification
FNDA:2,(anonymous_1)
FNDA:4,flashButtonGreen
FNDA:1,(anonymous_3)
FNDA:4,updateUIConnectionStatus
FNDA:2,clearAllNotificationTimeouts
DA:2,1
DA:11,8
DA:12,8
DA:13,8
DA:14,8
DA:16,7
DA:17,7
DA:18,7
DA:19,7
DA:20,7
DA:23,7
DA:24,2
DA:28,7
DA:29,2
DA:30,2
DA:31,2
DA:33,7
DA:41,4
DA:42,3
DA:43,3
DA:45,1
DA:46,1
DA:47,1
DA:57,4
DA:58,4
DA:59,4
DA:60,2
DA:65,2
DA:66,1
DA:67,1
DA:68,1
DA:70,1
DA:71,1
DA:72,1
DA:78,2
DA:79,3
DA:81,2
LF:37
LH:37
BRDA:10,0,0,2
BRDA:10,1,0,2
BRDA:14,2,0,1
BRDA:14,2,1,7
BRDA:18,3,0,1
BRDA:18,3,1,6
BRDA:23,4,0,2
BRDA:23,4,1,5
BRDA:41,5,0,3
BRDA:41,5,1,1
BRDA:41,6,0,4
BRDA:41,6,1,2
BRDA:56,7,0,0
BRDA:59,8,0,2
BRDA:59,8,1,2
BRDA:59,9,0,4
BRDA:59,9,1,2
BRDA:65,10,0,1
BRDA:65,10,1,1
BRF:19
BRH:18
end_of_record
